11-Sep-2019 05:41:03.178 INFO [Catalina-utility-2] org.apache.catalina.core.StandardContext.reload Reloading Context with name [/mywork] has started
11-Sep-2019 05:41:03.838 INFO [Catalina-utility-2] org.apache.catalina.core.StandardContext.reload Reloading Context with name [/mywork] is completed
11-Sep-2019 05:49:14.037 INFO [Catalina-utility-1] org.apache.catalina.core.StandardContext.reload Reloading Context with name [/mywork] has started
11-Sep-2019 05:49:14.226 INFO [Catalina-utility-1] org.apache.catalina.core.StandardContext.reload Reloading Context with name [/mywork] is completed
11-Sep-2019 05:50:04.249 INFO [Catalina-utility-1] org.apache.catalina.core.StandardContext.reload Reloading Context with name [/mywork] has started
11-Sep-2019 05:50:04.327 INFO [Catalina-utility-1] org.apache.catalina.core.StandardContext.reload Reloading Context with name [/mywork] is completed
11-Sep-2019 06:08:35.445 INFO [Catalina-utility-2] org.apache.catalina.core.StandardContext.reload Reloading Context with name [/mywork] has started
11-Sep-2019 06:08:36.426 INFO [Catalina-utility-2] org.apache.catalina.core.StandardContext.reload Reloading Context with name [/mywork] is completed
11-Sep-2019 06:21:56.920 INFO [Catalina-utility-2] org.apache.catalina.core.StandardContext.reload Reloading Context with name [/mywork] has started
11-Sep-2019 06:21:57.142 INFO [Catalina-utility-2] org.apache.catalina.core.StandardContext.reload Reloading Context with name [/mywork] is completed
11-Sep-2019 06:23:27.170 INFO [Catalina-utility-2] org.apache.catalina.core.StandardContext.reload Reloading Context with name [/mywork] has started
11-Sep-2019 06:23:27.206 INFO [Catalina-utility-2] org.apache.catalina.core.StandardContext.reload Reloading Context with name [/mywork] is completed
11-Sep-2019 06:28:07.343 INFO [Catalina-utility-2] org.apache.catalina.core.StandardContext.reload Reloading Context with name [/mywork] has started
11-Sep-2019 06:28:07.531 INFO [Catalina-utility-2] org.apache.catalina.core.StandardContext.reload Reloading Context with name [/mywork] is completed
11-Sep-2019 06:35:07.696 INFO [Catalina-utility-1] org.apache.catalina.core.StandardContext.reload Reloading Context with name [/mywork] has started
11-Sep-2019 06:35:07.937 INFO [Catalina-utility-1] org.apache.catalina.core.StandardContext.reload Reloading Context with name [/mywork] is completed
11-Sep-2019 06:38:38.041 INFO [Catalina-utility-2] org.apache.catalina.core.StandardContext.reload Reloading Context with name [/mywork] has started
11-Sep-2019 06:38:38.207 INFO [Catalina-utility-2] org.apache.catalina.core.StandardContext.reload Reloading Context with name [/mywork] is completed
11-Sep-2019 06:41:18.287 INFO [Catalina-utility-1] org.apache.catalina.core.StandardContext.reload Reloading Context with name [/mywork] has started
11-Sep-2019 06:41:18.346 INFO [Catalina-utility-1] org.apache.catalina.core.StandardContext.reload Reloading Context with name [/mywork] is completed
11-Sep-2019 06:52:38.645 INFO [Catalina-utility-2] org.apache.catalina.core.StandardContext.reload Reloading Context with name [/mywork] has started
11-Sep-2019 06:52:38.737 INFO [Catalina-utility-2] org.apache.catalina.core.StandardContext.reload Reloading Context with name [/mywork] is completed
11-Sep-2019 07:19:20.481 INFO [Catalina-utility-1] org.apache.catalina.core.StandardContext.reload Reloading Context with name [/mywork] has started
11-Sep-2019 07:19:20.985 INFO [Catalina-utility-1] org.apache.catalina.core.StandardContext.reload Reloading Context with name [/mywork] is completed
11-Sep-2019 07:22:01.592 INFO [Catalina-utility-1] org.apache.catalina.core.StandardContext.reload Reloading Context with name [/mywork] has started
11-Sep-2019 07:22:02.180 INFO [Catalina-utility-1] org.apache.catalina.core.StandardContext.reload Reloading Context with name [/mywork] is completed
11-Sep-2019 07:23:02.212 INFO [Catalina-utility-1] org.apache.catalina.core.StandardContext.reload Reloading Context with name [/mywork] has started
11-Sep-2019 07:23:02.361 INFO [Catalina-utility-1] org.apache.catalina.core.StandardContext.reload Reloading Context with name [/mywork] is completed
11-Sep-2019 13:56:46.737 INFO [Catalina-utility-2] org.apache.catalina.startup.HostConfig.reload Reloading context [/mywork]
11-Sep-2019 13:56:46.798 INFO [Catalina-utility-2] org.apache.catalina.core.StandardContext.reload Reloading Context with name [/mywork] has started
11-Sep-2019 13:56:48.236 SEVERE [Catalina-utility-2] org.apache.tomcat.util.digester.Digester.endElement End event threw exception
	java.lang.reflect.InvocationTargetException
		at jdk.internal.reflect.GeneratedMethodAccessor19.invoke(Unknown Source)
		at java.base/jdk.internal.reflect.DelegatingMethodAccessorImpl.invoke(DelegatingMethodAccessorImpl.java:43)
		at java.base/java.lang.reflect.Method.invoke(Method.java:566)
		at org.apache.tomcat.util.IntrospectionUtils.callMethodN(IntrospectionUtils.java:376)
		at org.apache.tomcat.util.descriptor.web.CallMethodMultiRule.end(WebRuleSet.java:1045)
		at org.apache.tomcat.util.digester.Digester.endElement(Digester.java:943)
		at java.xml/com.sun.org.apache.xerces.internal.parsers.AbstractSAXParser.endElement(AbstractSAXParser.java:610)
		at java.xml/com.sun.org.apache.xerces.internal.impl.XMLDocumentFragmentScannerImpl.scanEndElement(XMLDocumentFragmentScannerImpl.java:1716)
		at java.xml/com.sun.org.apache.xerces.internal.impl.XMLDocumentFragmentScannerImpl$FragmentContentDriver.next(XMLDocumentFragmentScannerImpl.java:2881)
		at java.xml/com.sun.org.apache.xerces.internal.impl.XMLDocumentScannerImpl.next(XMLDocumentScannerImpl.java:605)
		at java.xml/com.sun.org.apache.xerces.internal.impl.XMLDocumentFragmentScannerImpl.scanDocument(XMLDocumentFragmentScannerImpl.java:534)
		at java.xml/com.sun.org.apache.xerces.internal.parsers.XML11Configuration.parse(XML11Configuration.java:888)
		at java.xml/com.sun.org.apache.xerces.internal.parsers.XML11Configuration.parse(XML11Configuration.java:824)
		at java.xml/com.sun.org.apache.xerces.internal.parsers.XMLParser.parse(XMLParser.java:141)
		at java.xml/com.sun.org.apache.xerces.internal.parsers.AbstractSAXParser.parse(AbstractSAXParser.java:1216)
		at java.xml/com.sun.org.apache.xerces.internal.jaxp.SAXParserImpl$JAXPSAXParser.parse(SAXParserImpl.java:635)
		at org.apache.tomcat.util.digester.Digester.parse(Digester.java:1431)
		at org.apache.tomcat.util.descriptor.web.WebXmlParser.parseWebXml(WebXmlParser.java:119)
		at org.apache.catalina.startup.ContextConfig.webConfig(ContextConfig.java:1117)
		at org.apache.catalina.startup.ContextConfig.configureStart(ContextConfig.java:775)
		at org.apache.catalina.startup.ContextConfig.lifecycleEvent(ContextConfig.java:301)
		at org.apache.catalina.util.LifecycleBase.fireLifecycleEvent(LifecycleBase.java:123)
		at org.apache.catalina.core.StandardContext.startInternal(StandardContext.java:5048)
		at org.apache.catalina.util.LifecycleBase.start(LifecycleBase.java:183)
		at org.apache.catalina.core.StandardContext.reload(StandardContext.java:3755)
		at org.apache.catalina.startup.HostConfig.reload(HostConfig.java:1403)
		at org.apache.catalina.startup.HostConfig.checkResources(HostConfig.java:1376)
		at org.apache.catalina.startup.HostConfig.check(HostConfig.java:1611)
		at org.apache.catalina.startup.HostConfig.lifecycleEvent(HostConfig.java:305)
		at org.apache.catalina.util.LifecycleBase.fireLifecycleEvent(LifecycleBase.java:123)
		at org.apache.catalina.core.ContainerBase.backgroundProcess(ContainerBase.java:1144)
		at org.apache.catalina.core.ContainerBase$ContainerBackgroundProcessor.processChildren(ContainerBase.java:1346)
		at org.apache.catalina.core.ContainerBase$ContainerBackgroundProcessor.processChildren(ContainerBase.java:1350)
		at org.apache.catalina.core.ContainerBase$ContainerBackgroundProcessor.run(ContainerBase.java:1328)
		at java.base/java.util.concurrent.Executors$RunnableAdapter.call(Executors.java:515)
		at java.base/java.util.concurrent.FutureTask.runAndReset(FutureTask.java:305)
		at java.base/java.util.concurrent.ScheduledThreadPoolExecutor$ScheduledFutureTask.run(ScheduledThreadPoolExecutor.java:305)
		at java.base/java.util.concurrent.ThreadPoolExecutor.runWorker(ThreadPoolExecutor.java:1128)
		at java.base/java.util.concurrent.ThreadPoolExecutor$Worker.run(ThreadPoolExecutor.java:628)
		at org.apache.tomcat.util.threads.TaskThread$WrappingRunnable.run(TaskThread.java:61)
		at java.base/java.lang.Thread.run(Thread.java:834)
	Caused by: java.lang.IllegalArgumentException: The servlets named [ShowForm] and [ShowForm] are both mapped to the url-pattern [/form] which is not permitted
		at org.apache.tomcat.util.descriptor.web.WebXml.addServletMappingDecoded(WebXml.java:342)
		at org.apache.tomcat.util.descriptor.web.WebXml.addServletMapping(WebXml.java:335)
		... 41 more
11-Sep-2019 13:56:48.335 SEVERE [Catalina-utility-2] org.apache.tomcat.util.descriptor.web.WebXmlParser.parseWebXml Parse error in application web.xml file at [file:/home/ubuntu/kinoko/tomcat/webapps/mywork/WEB-INF/web.xml]
	org.xml.sax.SAXParseException; systemId: file:/home/ubuntu/kinoko/tomcat/webapps/mywork/WEB-INF/web.xml; lineNumber: 165; columnNumber: 23; Error at line [165] column [23]: [The servlets named [ShowForm] and [ShowForm] are both mapped to the url-pattern [/form] which is not permitted]
		at org.apache.tomcat.util.digester.Digester.createSAXException(Digester.java:1855)
		at org.apache.tomcat.util.digester.Digester.createSAXException(Digester.java:1887)
		at org.apache.tomcat.util.digester.Digester.endElement(Digester.java:946)
		at java.xml/com.sun.org.apache.xerces.internal.parsers.AbstractSAXParser.endElement(AbstractSAXParser.java:610)
		at java.xml/com.sun.org.apache.xerces.internal.impl.XMLDocumentFragmentScannerImpl.scanEndElement(XMLDocumentFragmentScannerImpl.java:1716)
		at java.xml/com.sun.org.apache.xerces.internal.impl.XMLDocumentFragmentScannerImpl$FragmentContentDriver.next(XMLDocumentFragmentScannerImpl.java:2881)
		at java.xml/com.sun.org.apache.xerces.internal.impl.XMLDocumentScannerImpl.next(XMLDocumentScannerImpl.java:605)
		at java.xml/com.sun.org.apache.xerces.internal.impl.XMLDocumentFragmentScannerImpl.scanDocument(XMLDocumentFragmentScannerImpl.java:534)
		at java.xml/com.sun.org.apache.xerces.internal.parsers.XML11Configuration.parse(XML11Configuration.java:888)
		at java.xml/com.sun.org.apache.xerces.internal.parsers.XML11Configuration.parse(XML11Configuration.java:824)
		at java.xml/com.sun.org.apache.xerces.internal.parsers.XMLParser.parse(XMLParser.java:141)
		at java.xml/com.sun.org.apache.xerces.internal.parsers.AbstractSAXParser.parse(AbstractSAXParser.java:1216)
		at java.xml/com.sun.org.apache.xerces.internal.jaxp.SAXParserImpl$JAXPSAXParser.parse(SAXParserImpl.java:635)
		at org.apache.tomcat.util.digester.Digester.parse(Digester.java:1431)
		at org.apache.tomcat.util.descriptor.web.WebXmlParser.parseWebXml(WebXmlParser.java:119)
		at org.apache.catalina.startup.ContextConfig.webConfig(ContextConfig.java:1117)
		at org.apache.catalina.startup.ContextConfig.configureStart(ContextConfig.java:775)
		at org.apache.catalina.startup.ContextConfig.lifecycleEvent(ContextConfig.java:301)
		at org.apache.catalina.util.LifecycleBase.fireLifecycleEvent(LifecycleBase.java:123)
		at org.apache.catalina.core.StandardContext.startInternal(StandardContext.java:5048)
		at org.apache.catalina.util.LifecycleBase.start(LifecycleBase.java:183)
		at org.apache.catalina.core.StandardContext.reload(StandardContext.java:3755)
		at org.apache.catalina.startup.HostConfig.reload(HostConfig.java:1403)
		at org.apache.catalina.startup.HostConfig.checkResources(HostConfig.java:1376)
		at org.apache.catalina.startup.HostConfig.check(HostConfig.java:1611)
		at org.apache.catalina.startup.HostConfig.lifecycleEvent(HostConfig.java:305)
		at org.apache.catalina.util.LifecycleBase.fireLifecycleEvent(LifecycleBase.java:123)
		at org.apache.catalina.core.ContainerBase.backgroundProcess(ContainerBase.java:1144)
		at org.apache.catalina.core.ContainerBase$ContainerBackgroundProcessor.processChildren(ContainerBase.java:1346)
		at org.apache.catalina.core.ContainerBase$ContainerBackgroundProcessor.processChildren(ContainerBase.java:1350)
		at org.apache.catalina.core.ContainerBase$ContainerBackgroundProcessor.run(ContainerBase.java:1328)
		at java.base/java.util.concurrent.Executors$RunnableAdapter.call(Executors.java:515)
		at java.base/java.util.concurrent.FutureTask.runAndReset(FutureTask.java:305)
		at java.base/java.util.concurrent.ScheduledThreadPoolExecutor$ScheduledFutureTask.run(ScheduledThreadPoolExecutor.java:305)
		at java.base/java.util.concurrent.ThreadPoolExecutor.runWorker(ThreadPoolExecutor.java:1128)
		at java.base/java.util.concurrent.ThreadPoolExecutor$Worker.run(ThreadPoolExecutor.java:628)
		at org.apache.tomcat.util.threads.TaskThread$WrappingRunnable.run(TaskThread.java:61)
		at java.base/java.lang.Thread.run(Thread.java:834)
	Caused by: java.lang.IllegalArgumentException: The servlets named [ShowForm] and [ShowForm] are both mapped to the url-pattern [/form] which is not permitted
		at org.apache.tomcat.util.descriptor.web.WebXml.addServletMappingDecoded(WebXml.java:342)
		at org.apache.tomcat.util.descriptor.web.WebXml.addServletMapping(WebXml.java:335)
		at jdk.internal.reflect.GeneratedMethodAccessor19.invoke(Unknown Source)
		at java.base/jdk.internal.reflect.DelegatingMethodAccessorImpl.invoke(DelegatingMethodAccessorImpl.java:43)
		at java.base/java.lang.reflect.Method.invoke(Method.java:566)
		at org.apache.tomcat.util.IntrospectionUtils.callMethodN(IntrospectionUtils.java:376)
		at org.apache.tomcat.util.descriptor.web.CallMethodMultiRule.end(WebRuleSet.java:1045)
		at org.apache.tomcat.util.digester.Digester.endElement(Digester.java:943)
		... 35 more
11-Sep-2019 13:56:48.348 SEVERE [Catalina-utility-2] org.apache.tomcat.util.descriptor.web.WebXmlParser.parseWebXml Occurred at line [165] column [23]
11-Sep-2019 13:56:48.499 SEVERE [Catalina-utility-2] org.apache.catalina.startup.ContextConfig.configureStart Marking this application unavailable due to previous error(s)
11-Sep-2019 13:56:48.516 SEVERE [Catalina-utility-2] org.apache.catalina.core.StandardContext.startInternal One or more components marked the context as not correctly configured
11-Sep-2019 13:56:48.576 SEVERE [Catalina-utility-2] org.apache.catalina.core.StandardContext.startInternal Context [/mywork] startup failed due to previous errors
11-Sep-2019 13:56:48.593 INFO [Catalina-utility-2] org.apache.catalina.core.StandardContext.reload Reloading Context with name [/mywork] is completed
11-Sep-2019 13:57:18.616 INFO [Catalina-utility-2] org.apache.catalina.startup.HostConfig.reload Reloading context [/mywork]
11-Sep-2019 13:57:18.859 SEVERE [Catalina-utility-2] org.apache.catalina.startup.HostConfig.reload Error during context [/mywork] restart
	org.apache.catalina.LifecycleException: Failed to start component [StandardEngine[Catalina].StandardHost[localhost].StandardContext[/mywork]]
		at org.apache.catalina.util.LifecycleBase.handleSubClassException(LifecycleBase.java:440)
		at org.apache.catalina.util.LifecycleBase.start(LifecycleBase.java:198)
		at org.apache.catalina.startup.HostConfig.reload(HostConfig.java:1412)
		at org.apache.catalina.startup.HostConfig.checkResources(HostConfig.java:1376)
		at org.apache.catalina.startup.HostConfig.check(HostConfig.java:1611)
		at org.apache.catalina.startup.HostConfig.lifecycleEvent(HostConfig.java:305)
		at org.apache.catalina.util.LifecycleBase.fireLifecycleEvent(LifecycleBase.java:123)
		at org.apache.catalina.core.ContainerBase.backgroundProcess(ContainerBase.java:1144)
		at org.apache.catalina.core.ContainerBase$ContainerBackgroundProcessor.processChildren(ContainerBase.java:1346)
		at org.apache.catalina.core.ContainerBase$ContainerBackgroundProcessor.processChildren(ContainerBase.java:1350)
		at org.apache.catalina.core.ContainerBase$ContainerBackgroundProcessor.run(ContainerBase.java:1328)
		at java.base/java.util.concurrent.Executors$RunnableAdapter.call(Executors.java:515)
		at java.base/java.util.concurrent.FutureTask.runAndReset(FutureTask.java:305)
		at java.base/java.util.concurrent.ScheduledThreadPoolExecutor$ScheduledFutureTask.run(ScheduledThreadPoolExecutor.java:305)
		at java.base/java.util.concurrent.ThreadPoolExecutor.runWorker(ThreadPoolExecutor.java:1128)
		at java.base/java.util.concurrent.ThreadPoolExecutor$Worker.run(ThreadPoolExecutor.java:628)
		at org.apache.tomcat.util.threads.TaskThread$WrappingRunnable.run(TaskThread.java:61)
		at java.base/java.lang.Thread.run(Thread.java:834)
	Caused by: java.lang.IllegalArgumentException: Servlet mapping specifies an unknown servlet name [MemoForm]
		at org.apache.catalina.core.StandardContext.addServletMappingDecoded(StandardContext.java:3171)
		at org.apache.catalina.Context.addServletMappingDecoded(Context.java:881)
		at org.apache.catalina.startup.ContextConfig.configureContext(ContextConfig.java:1392)
		at org.apache.catalina.startup.ContextConfig.webConfig(ContextConfig.java:1175)
		at org.apache.catalina.startup.ContextConfig.configureStart(ContextConfig.java:775)
		at org.apache.catalina.startup.ContextConfig.lifecycleEvent(ContextConfig.java:301)
		at org.apache.catalina.util.LifecycleBase.fireLifecycleEvent(LifecycleBase.java:123)
		at org.apache.catalina.core.StandardContext.startInternal(StandardContext.java:5048)
		at org.apache.catalina.util.LifecycleBase.start(LifecycleBase.java:183)
		... 16 more
11-Sep-2019 14:37:10.713 INFO [main] org.apache.catalina.startup.VersionLoggerListener.log Server version name:   Apache Tomcat/9.0.20
11-Sep-2019 14:37:10.718 INFO [main] org.apache.catalina.startup.VersionLoggerListener.log Server built:          May 3 2019 22:26:00 UTC
11-Sep-2019 14:37:10.718 INFO [main] org.apache.catalina.startup.VersionLoggerListener.log Server version number: 9.0.20.0
11-Sep-2019 14:37:10.718 INFO [main] org.apache.catalina.startup.VersionLoggerListener.log OS Name:               Linux
11-Sep-2019 14:37:10.719 INFO [main] org.apache.catalina.startup.VersionLoggerListener.log OS Version:            4.15.0-45-generic
11-Sep-2019 14:37:10.719 INFO [main] org.apache.catalina.startup.VersionLoggerListener.log Architecture:          amd64
11-Sep-2019 14:37:10.719 INFO [main] org.apache.catalina.startup.VersionLoggerListener.log Java Home:             /opt/jdk-11.0.1
11-Sep-2019 14:37:10.719 INFO [main] org.apache.catalina.startup.VersionLoggerListener.log JVM Version:           11.0.1+13
11-Sep-2019 14:37:10.720 INFO [main] org.apache.catalina.startup.VersionLoggerListener.log JVM Vendor:            Oracle Corporation
11-Sep-2019 14:37:10.720 INFO [main] org.apache.catalina.startup.VersionLoggerListener.log CATALINA_BASE:         /home/ubuntu/kinoko/tomcat
11-Sep-2019 14:37:10.720 INFO [main] org.apache.catalina.startup.VersionLoggerListener.log CATALINA_HOME:         /home/ubuntu/kinoko/tomcat
11-Sep-2019 14:37:10.746 INFO [main] org.apache.catalina.startup.VersionLoggerListener.log Command line argument: --add-opens=java.base/java.lang=ALL-UNNAMED
11-Sep-2019 14:37:10.746 INFO [main] org.apache.catalina.startup.VersionLoggerListener.log Command line argument: --add-opens=java.base/java.io=ALL-UNNAMED
11-Sep-2019 14:37:10.747 INFO [main] org.apache.catalina.startup.VersionLoggerListener.log Command line argument: --add-opens=java.rmi/sun.rmi.transport=ALL-UNNAMED
11-Sep-2019 14:37:10.747 INFO [main] org.apache.catalina.startup.VersionLoggerListener.log Command line argument: -Djava.util.logging.config.file=/home/ubuntu/kinoko/tomcat/conf/logging.properties
11-Sep-2019 14:37:10.747 INFO [main] org.apache.catalina.startup.VersionLoggerListener.log Command line argument: -Djava.util.logging.manager=org.apache.juli.ClassLoaderLogManager
11-Sep-2019 14:37:10.747 INFO [main] org.apache.catalina.startup.VersionLoggerListener.log Command line argument: -Djdk.tls.ephemeralDHKeySize=2048
11-Sep-2019 14:37:10.747 INFO [main] org.apache.catalina.startup.VersionLoggerListener.log Command line argument: -Djava.protocol.handler.pkgs=org.apache.catalina.webresources
11-Sep-2019 14:37:10.747 INFO [main] org.apache.catalina.startup.VersionLoggerListener.log Command line argument: -Dorg.apache.catalina.security.SecurityListener.UMASK=0027
11-Sep-2019 14:37:10.748 INFO [main] org.apache.catalina.startup.VersionLoggerListener.log Command line argument: -Dignore.endorsed.dirs=
11-Sep-2019 14:37:10.748 INFO [main] org.apache.catalina.startup.VersionLoggerListener.log Command line argument: -Dcatalina.base=/home/ubuntu/kinoko/tomcat
11-Sep-2019 14:37:10.748 INFO [main] org.apache.catalina.startup.VersionLoggerListener.log Command line argument: -Dcatalina.home=/home/ubuntu/kinoko/tomcat
11-Sep-2019 14:37:10.748 INFO [main] org.apache.catalina.startup.VersionLoggerListener.log Command line argument: -Djava.io.tmpdir=/home/ubuntu/kinoko/tomcat/temp
11-Sep-2019 14:37:10.748 INFO [main] org.apache.catalina.core.AprLifecycleListener.lifecycleEvent The APR based Apache Tomcat Native library which allows optimal performance in production environments was not found on the java.library.path: [/usr/java/packages/lib:/usr/lib64:/lib64:/lib:/usr/lib]
11-Sep-2019 14:37:11.093 INFO [main] org.apache.coyote.AbstractProtocol.init Initializing ProtocolHandler ["http-nio-8080"]
11-Sep-2019 14:37:11.127 SEVERE [main] org.apache.catalina.util.LifecycleBase.handleSubClassException Failed to initialize component [Connector[HTTP/1.1-8080]]
	org.apache.catalina.LifecycleException: Protocol handler initialization failed
		at org.apache.catalina.connector.Connector.initInternal(Connector.java:983)
		at org.apache.catalina.util.LifecycleBase.init(LifecycleBase.java:136)
		at org.apache.catalina.core.StandardService.initInternal(StandardService.java:533)
		at org.apache.catalina.util.LifecycleBase.init(LifecycleBase.java:136)
		at org.apache.catalina.core.StandardServer.initInternal(StandardServer.java:1059)
		at org.apache.catalina.util.LifecycleBase.init(LifecycleBase.java:136)
		at org.apache.catalina.startup.Catalina.load(Catalina.java:584)
		at org.apache.catalina.startup.Catalina.load(Catalina.java:607)
		at java.base/jdk.internal.reflect.NativeMethodAccessorImpl.invoke0(Native Method)
		at java.base/jdk.internal.reflect.NativeMethodAccessorImpl.invoke(NativeMethodAccessorImpl.java:62)
		at java.base/jdk.internal.reflect.DelegatingMethodAccessorImpl.invoke(DelegatingMethodAccessorImpl.java:43)
		at java.base/java.lang.reflect.Method.invoke(Method.java:566)
		at org.apache.catalina.startup.Bootstrap.load(Bootstrap.java:304)
		at org.apache.catalina.startup.Bootstrap.main(Bootstrap.java:474)
	Caused by: java.net.BindException: Address already in use
		at java.base/sun.nio.ch.Net.bind0(Native Method)
		at java.base/sun.nio.ch.Net.bind(Net.java:461)
		at java.base/sun.nio.ch.Net.bind(Net.java:453)
		at java.base/sun.nio.ch.ServerSocketChannelImpl.bind(ServerSocketChannelImpl.java:227)
		at java.base/sun.nio.ch.ServerSocketAdaptor.bind(ServerSocketAdaptor.java:80)
		at org.apache.tomcat.util.net.NioEndpoint.initServerSocket(NioEndpoint.java:248)
		at org.apache.tomcat.util.net.NioEndpoint.bind(NioEndpoint.java:222)
		at org.apache.tomcat.util.net.AbstractEndpoint.bindWithCleanup(AbstractEndpoint.java:1119)
		at org.apache.tomcat.util.net.AbstractEndpoint.init(AbstractEndpoint.java:1132)
		at org.apache.coyote.AbstractProtocol.init(AbstractProtocol.java:557)
		at org.apache.coyote.http11.AbstractHttp11Protocol.init(AbstractHttp11Protocol.java:74)
		at org.apache.catalina.connector.Connector.initInternal(Connector.java:980)
		... 13 more
11-Sep-2019 14:37:11.129 INFO [main] org.apache.coyote.AbstractProtocol.init Initializing ProtocolHandler ["ajp-nio-8009"]
11-Sep-2019 14:37:11.133 SEVERE [main] org.apache.catalina.util.LifecycleBase.handleSubClassException Failed to initialize component [Connector[AJP/1.3-8009]]
	org.apache.catalina.LifecycleException: Protocol handler initialization failed
		at org.apache.catalina.connector.Connector.initInternal(Connector.java:983)
		at org.apache.catalina.util.LifecycleBase.init(LifecycleBase.java:136)
		at org.apache.catalina.core.StandardService.initInternal(StandardService.java:533)
		at org.apache.catalina.util.LifecycleBase.init(LifecycleBase.java:136)
		at org.apache.catalina.core.StandardServer.initInternal(StandardServer.java:1059)
		at org.apache.catalina.util.LifecycleBase.init(LifecycleBase.java:136)
		at org.apache.catalina.startup.Catalina.load(Catalina.java:584)
		at org.apache.catalina.startup.Catalina.load(Catalina.java:607)
		at java.base/jdk.internal.reflect.NativeMethodAccessorImpl.invoke0(Native Method)
		at java.base/jdk.internal.reflect.NativeMethodAccessorImpl.invoke(NativeMethodAccessorImpl.java:62)
		at java.base/jdk.internal.reflect.DelegatingMethodAccessorImpl.invoke(DelegatingMethodAccessorImpl.java:43)
		at java.base/java.lang.reflect.Method.invoke(Method.java:566)
		at org.apache.catalina.startup.Bootstrap.load(Bootstrap.java:304)
		at org.apache.catalina.startup.Bootstrap.main(Bootstrap.java:474)
	Caused by: java.net.BindException: Address already in use
		at java.base/sun.nio.ch.Net.bind0(Native Method)
		at java.base/sun.nio.ch.Net.bind(Net.java:461)
		at java.base/sun.nio.ch.Net.bind(Net.java:453)
		at java.base/sun.nio.ch.ServerSocketChannelImpl.bind(ServerSocketChannelImpl.java:227)
		at java.base/sun.nio.ch.ServerSocketAdaptor.bind(ServerSocketAdaptor.java:80)
		at org.apache.tomcat.util.net.NioEndpoint.initServerSocket(NioEndpoint.java:248)
		at org.apache.tomcat.util.net.NioEndpoint.bind(NioEndpoint.java:222)
		at org.apache.tomcat.util.net.AbstractEndpoint.bindWithCleanup(AbstractEndpoint.java:1119)
		at org.apache.tomcat.util.net.AbstractEndpoint.init(AbstractEndpoint.java:1132)
		at org.apache.coyote.AbstractProtocol.init(AbstractProtocol.java:557)
		at org.apache.catalina.connector.Connector.initInternal(Connector.java:980)
		... 13 more
11-Sep-2019 14:37:11.136 INFO [main] org.apache.catalina.startup.Catalina.load Server initialization in [751] milliseconds
11-Sep-2019 14:37:11.208 INFO [main] org.apache.catalina.core.StandardService.startInternal Starting service [Catalina]
11-Sep-2019 14:37:11.208 INFO [main] org.apache.catalina.core.StandardEngine.startInternal Starting Servlet engine: [Apache Tomcat/9.0.20]
11-Sep-2019 14:37:11.216 INFO [main] org.apache.catalina.startup.HostConfig.deployDescriptor Deploying deployment descriptor [/home/ubuntu/kinoko/tomcat/conf/Catalina/localhost/mywork.xml]
11-Sep-2019 14:37:11.411 SEVERE [main] org.apache.catalina.startup.HostConfig.deployDescriptor Error deploying deployment descriptor [/home/ubuntu/kinoko/tomcat/conf/Catalina/localhost/mywork.xml]
	java.lang.IllegalStateException: Error starting child
		at org.apache.catalina.core.ContainerBase.addChildInternal(ContainerBase.java:716)
		at org.apache.catalina.core.ContainerBase.addChild(ContainerBase.java:690)
		at org.apache.catalina.core.StandardHost.addChild(StandardHost.java:705)
		at org.apache.catalina.startup.HostConfig.deployDescriptor(HostConfig.java:631)
		at org.apache.catalina.startup.HostConfig$DeployDescriptor.run(HostConfig.java:1831)
		at java.base/java.util.concurrent.Executors$RunnableAdapter.call(Executors.java:515)
		at java.base/java.util.concurrent.FutureTask.run(FutureTask.java:264)
		at org.apache.tomcat.util.threads.InlineExecutorService.execute(InlineExecutorService.java:75)
		at java.base/java.util.concurrent.AbstractExecutorService.submit(AbstractExecutorService.java:118)
		at org.apache.catalina.startup.HostConfig.deployDescriptors(HostConfig.java:526)
		at org.apache.catalina.startup.HostConfig.deployApps(HostConfig.java:425)
		at org.apache.catalina.startup.HostConfig.start(HostConfig.java:1576)
		at org.apache.catalina.startup.HostConfig.lifecycleEvent(HostConfig.java:309)
		at org.apache.catalina.util.LifecycleBase.fireLifecycleEvent(LifecycleBase.java:123)
		at org.apache.catalina.util.LifecycleBase.setStateInternal(LifecycleBase.java:423)
		at org.apache.catalina.util.LifecycleBase.setState(LifecycleBase.java:366)
		at org.apache.catalina.core.ContainerBase.startInternal(ContainerBase.java:929)
		at org.apache.catalina.core.StandardHost.startInternal(StandardHost.java:841)
		at org.apache.catalina.util.LifecycleBase.start(LifecycleBase.java:183)
		at org.apache.catalina.core.ContainerBase$StartChild.call(ContainerBase.java:1377)
		at org.apache.catalina.core.ContainerBase$StartChild.call(ContainerBase.java:1367)
		at java.base/java.util.concurrent.FutureTask.run(FutureTask.java:264)
		at org.apache.tomcat.util.threads.InlineExecutorService.execute(InlineExecutorService.java:75)
		at java.base/java.util.concurrent.AbstractExecutorService.submit(AbstractExecutorService.java:140)
		at org.apache.catalina.core.ContainerBase.startInternal(ContainerBase.java:902)
		at org.apache.catalina.core.StandardEngine.startInternal(StandardEngine.java:262)
		at org.apache.catalina.util.LifecycleBase.start(LifecycleBase.java:183)
		at org.apache.catalina.core.StandardService.startInternal(StandardService.java:421)
		at org.apache.catalina.util.LifecycleBase.start(LifecycleBase.java:183)
		at org.apache.catalina.core.StandardServer.startInternal(StandardServer.java:932)
		at org.apache.catalina.util.LifecycleBase.start(LifecycleBase.java:183)
		at org.apache.catalina.startup.Catalina.start(Catalina.java:633)
		at java.base/jdk.internal.reflect.NativeMethodAccessorImpl.invoke0(Native Method)
		at java.base/jdk.internal.reflect.NativeMethodAccessorImpl.invoke(NativeMethodAccessorImpl.java:62)
		at java.base/jdk.internal.reflect.DelegatingMethodAccessorImpl.invoke(DelegatingMethodAccessorImpl.java:43)
		at java.base/java.lang.reflect.Method.invoke(Method.java:566)
		at org.apache.catalina.startup.Bootstrap.start(Bootstrap.java:344)
		at org.apache.catalina.startup.Bootstrap.main(Bootstrap.java:475)
	Caused by: org.apache.catalina.LifecycleException: Failed to start component [StandardEngine[Catalina].StandardHost[localhost].StandardContext[/mywork]]
		at org.apache.catalina.util.LifecycleBase.handleSubClassException(LifecycleBase.java:440)
		at org.apache.catalina.util.LifecycleBase.start(LifecycleBase.java:198)
		at org.apache.catalina.core.ContainerBase.addChildInternal(ContainerBase.java:713)
		... 37 more
	Caused by: java.lang.IllegalArgumentException: Servlet mapping specifies an unknown servlet name [MemoForm]
		at org.apache.catalina.core.StandardContext.addServletMappingDecoded(StandardContext.java:3171)
		at org.apache.catalina.Context.addServletMappingDecoded(Context.java:881)
		at org.apache.catalina.startup.ContextConfig.configureContext(ContextConfig.java:1392)
		at org.apache.catalina.startup.ContextConfig.webConfig(ContextConfig.java:1175)
		at org.apache.catalina.startup.ContextConfig.configureStart(ContextConfig.java:775)
		at org.apache.catalina.startup.ContextConfig.lifecycleEvent(ContextConfig.java:301)
		at org.apache.catalina.util.LifecycleBase.fireLifecycleEvent(LifecycleBase.java:123)
		at org.apache.catalina.core.StandardContext.startInternal(StandardContext.java:5048)
		at org.apache.catalina.util.LifecycleBase.start(LifecycleBase.java:183)
		... 38 more
11-Sep-2019 14:37:11.412 INFO [main] org.apache.catalina.startup.HostConfig.deployDescriptor Deployment of deployment descriptor [/home/ubuntu/kinoko/tomcat/conf/Catalina/localhost/mywork.xml] has finished in [196] ms
11-Sep-2019 14:37:11.413 INFO [main] org.apache.catalina.startup.HostConfig.deployDescriptor Deploying deployment descriptor [/home/ubuntu/kinoko/tomcat/conf/Catalina/localhost/myform.xml]
11-Sep-2019 14:37:11.550 INFO [main] org.apache.catalina.startup.HostConfig.deployDescriptor Deployment of deployment descriptor [/home/ubuntu/kinoko/tomcat/conf/Catalina/localhost/myform.xml] has finished in [137] ms
11-Sep-2019 14:37:11.551 INFO [main] org.apache.catalina.startup.HostConfig.deployDirectory Deploying web application directory [/home/ubuntu/kinoko/tomcat/webapps/manager]
11-Sep-2019 14:37:11.643 INFO [main] org.apache.catalina.startup.HostConfig.deployDirectory Deployment of web application directory [/home/ubuntu/kinoko/tomcat/webapps/manager] has finished in [92] ms
11-Sep-2019 14:37:11.643 INFO [main] org.apache.catalina.startup.HostConfig.deployDirectory Deploying web application directory [/home/ubuntu/kinoko/tomcat/webapps/mybw]
11-Sep-2019 14:37:11.724 INFO [main] org.apache.catalina.startup.HostConfig.deployDirectory Deployment of web application directory [/home/ubuntu/kinoko/tomcat/webapps/mybw] has finished in [81] ms
11-Sep-2019 14:37:11.725 INFO [main] org.apache.catalina.startup.HostConfig.deployDirectory Deploying web application directory [/home/ubuntu/kinoko/tomcat/webapps/ROOT]
11-Sep-2019 14:37:11.745 INFO [main] org.apache.catalina.startup.HostConfig.deployDirectory Deployment of web application directory [/home/ubuntu/kinoko/tomcat/webapps/ROOT] has finished in [21] ms
11-Sep-2019 14:37:11.746 INFO [main] org.apache.catalina.startup.HostConfig.deployDirectory Deploying web application directory [/home/ubuntu/kinoko/tomcat/webapps/mybbs]
11-Sep-2019 14:37:11.766 INFO [main] org.apache.catalina.startup.HostConfig.deployDirectory Deployment of web application directory [/home/ubuntu/kinoko/tomcat/webapps/mybbs] has finished in [20] ms
11-Sep-2019 14:37:11.767 INFO [main] org.apache.catalina.startup.HostConfig.deployDirectory Deploying web application directory [/home/ubuntu/kinoko/tomcat/webapps/docs]
11-Sep-2019 14:37:11.780 INFO [main] org.apache.catalina.startup.HostConfig.deployDirectory Deployment of web application directory [/home/ubuntu/kinoko/tomcat/webapps/docs] has finished in [13] ms
11-Sep-2019 14:37:11.781 INFO [main] org.apache.catalina.startup.HostConfig.deployDirectory Deploying web application directory [/home/ubuntu/kinoko/tomcat/webapps/host-manager]
11-Sep-2019 14:37:11.800 INFO [main] org.apache.catalina.startup.HostConfig.deployDirectory Deployment of web application directory [/home/ubuntu/kinoko/tomcat/webapps/host-manager] has finished in [19] ms
11-Sep-2019 14:37:11.800 INFO [main] org.apache.catalina.startup.HostConfig.deployDirectory Deploying web application directory [/home/ubuntu/kinoko/tomcat/webapps/mydatabase]
11-Sep-2019 14:37:11.831 INFO [main] org.apache.catalina.startup.HostConfig.deployDirectory Deployment of web application directory [/home/ubuntu/kinoko/tomcat/webapps/mydatabase] has finished in [31] ms
11-Sep-2019 14:37:11.836 INFO [main] org.apache.catalina.startup.HostConfig.deployDirectory Deploying web application directory [/home/ubuntu/kinoko/tomcat/webapps/examples]
11-Sep-2019 14:37:12.184 INFO [main] org.apache.catalina.startup.HostConfig.deployDirectory Deployment of web application directory [/home/ubuntu/kinoko/tomcat/webapps/examples] has finished in [347] ms
11-Sep-2019 14:37:12.190 INFO [main] org.apache.catalina.startup.Catalina.start Server startup in [1,052] milliseconds
11-Sep-2019 14:37:12.200 SEVERE [main] org.apache.catalina.core.StandardServer.await Failed to create server shutdown socket on address [localhost] and port [8005] (base port [8005] and offset [0])
	java.net.BindException: Address already in use (Bind failed)
		at java.base/java.net.PlainSocketImpl.socketBind(Native Method)
		at java.base/java.net.AbstractPlainSocketImpl.bind(AbstractPlainSocketImpl.java:436)
		at java.base/java.net.ServerSocket.bind(ServerSocket.java:381)
		at java.base/java.net.ServerSocket.<init>(ServerSocket.java:243)
		at org.apache.catalina.core.StandardServer.await(StandardServer.java:584)
		at org.apache.catalina.startup.Catalina.await(Catalina.java:721)
		at org.apache.catalina.startup.Catalina.start(Catalina.java:667)
		at java.base/jdk.internal.reflect.NativeMethodAccessorImpl.invoke0(Native Method)
		at java.base/jdk.internal.reflect.NativeMethodAccessorImpl.invoke(NativeMethodAccessorImpl.java:62)
		at java.base/jdk.internal.reflect.DelegatingMethodAccessorImpl.invoke(DelegatingMethodAccessorImpl.java:43)
		at java.base/java.lang.reflect.Method.invoke(Method.java:566)
		at org.apache.catalina.startup.Bootstrap.start(Bootstrap.java:344)
		at org.apache.catalina.startup.Bootstrap.main(Bootstrap.java:475)
11-Sep-2019 14:37:12.200 INFO [main] org.apache.coyote.AbstractProtocol.pause Pausing ProtocolHandler ["http-nio-8080"]
11-Sep-2019 14:37:12.200 INFO [main] org.apache.coyote.AbstractProtocol.pause Pausing ProtocolHandler ["ajp-nio-8009"]
11-Sep-2019 14:37:12.200 INFO [main] org.apache.catalina.core.StandardService.stopInternal Stopping service [Catalina]
11-Sep-2019 14:37:12.234 INFO [main] org.apache.coyote.AbstractProtocol.stop Stopping ProtocolHandler ["http-nio-8080"]
11-Sep-2019 14:37:12.234 INFO [main] org.apache.coyote.AbstractProtocol.destroy Destroying ProtocolHandler ["http-nio-8080"]
11-Sep-2019 14:37:12.234 INFO [main] org.apache.coyote.AbstractProtocol.stop Stopping ProtocolHandler ["ajp-nio-8009"]
11-Sep-2019 14:37:12.234 INFO [main] org.apache.coyote.AbstractProtocol.destroy Destroying ProtocolHandler ["ajp-nio-8009"]
11-Sep-2019 14:41:13.992 INFO [Catalina-utility-1] org.apache.catalina.startup.HostConfig.reload Reloading context [/mywork]
11-Sep-2019 14:41:15.483 SEVERE [Catalina-utility-1] org.apache.catalina.startup.HostConfig.reload Error during context [/mywork] restart
	org.apache.catalina.LifecycleException: Failed to start component [StandardEngine[Catalina].StandardHost[localhost].StandardContext[/mywork]]
		at org.apache.catalina.util.LifecycleBase.handleSubClassException(LifecycleBase.java:440)
		at org.apache.catalina.util.LifecycleBase.start(LifecycleBase.java:198)
		at org.apache.catalina.startup.HostConfig.reload(HostConfig.java:1412)
		at org.apache.catalina.startup.HostConfig.checkResources(HostConfig.java:1376)
		at org.apache.catalina.startup.HostConfig.check(HostConfig.java:1611)
		at org.apache.catalina.startup.HostConfig.lifecycleEvent(HostConfig.java:305)
		at org.apache.catalina.util.LifecycleBase.fireLifecycleEvent(LifecycleBase.java:123)
		at org.apache.catalina.core.ContainerBase.backgroundProcess(ContainerBase.java:1144)
		at org.apache.catalina.core.ContainerBase$ContainerBackgroundProcessor.processChildren(ContainerBase.java:1346)
		at org.apache.catalina.core.ContainerBase$ContainerBackgroundProcessor.processChildren(ContainerBase.java:1350)
		at org.apache.catalina.core.ContainerBase$ContainerBackgroundProcessor.run(ContainerBase.java:1328)
		at java.base/java.util.concurrent.Executors$RunnableAdapter.call(Executors.java:515)
		at java.base/java.util.concurrent.FutureTask.runAndReset(FutureTask.java:305)
		at java.base/java.util.concurrent.ScheduledThreadPoolExecutor$ScheduledFutureTask.run(ScheduledThreadPoolExecutor.java:305)
		at java.base/java.util.concurrent.ThreadPoolExecutor.runWorker(ThreadPoolExecutor.java:1128)
		at java.base/java.util.concurrent.ThreadPoolExecutor$Worker.run(ThreadPoolExecutor.java:628)
		at org.apache.tomcat.util.threads.TaskThread$WrappingRunnable.run(TaskThread.java:61)
		at java.base/java.lang.Thread.run(Thread.java:834)
	Caused by: java.lang.IllegalArgumentException: Servlet mapping specifies an unknown servlet name []
		at org.apache.catalina.core.StandardContext.addServletMappingDecoded(StandardContext.java:3171)
		at org.apache.catalina.Context.addServletMappingDecoded(Context.java:881)
		at org.apache.catalina.startup.ContextConfig.configureContext(ContextConfig.java:1392)
		at org.apache.catalina.startup.ContextConfig.webConfig(ContextConfig.java:1175)
		at org.apache.catalina.startup.ContextConfig.configureStart(ContextConfig.java:775)
		at org.apache.catalina.startup.ContextConfig.lifecycleEvent(ContextConfig.java:301)
		at org.apache.catalina.util.LifecycleBase.fireLifecycleEvent(LifecycleBase.java:123)
		at org.apache.catalina.core.StandardContext.startInternal(StandardContext.java:5048)
		at org.apache.catalina.util.LifecycleBase.start(LifecycleBase.java:183)
		... 16 more
11-Sep-2019 14:56:06.383 INFO [Catalina-utility-1] org.apache.catalina.startup.HostConfig.reload Reloading context [/mywork]
11-Sep-2019 15:01:17.581 INFO [Catalina-utility-2] org.apache.catalina.core.StandardContext.reload Reloading Context with name [/mywork] has started
11-Sep-2019 15:01:17.720 INFO [Catalina-utility-2] org.apache.catalina.core.StandardContext.reload Reloading Context with name [/mywork] is completed
11-Sep-2019 15:04:07.771 INFO [Catalina-utility-1] org.apache.catalina.core.StandardContext.reload Reloading Context with name [/mywork] has started
11-Sep-2019 15:04:07.942 INFO [Catalina-utility-1] org.apache.catalina.core.StandardContext.reload Reloading Context with name [/mywork] is completed
11-Sep-2019 15:04:47.957 INFO [Catalina-utility-2] org.apache.catalina.core.StandardContext.reload Reloading Context with name [/mywork] has started
11-Sep-2019 15:04:48.031 INFO [Catalina-utility-2] org.apache.catalina.core.StandardContext.reload Reloading Context with name [/mywork] is completed
