02-Dec-2019 01:10:45.595 INFO [main] org.apache.catalina.startup.VersionLoggerListener.log Server version name:   Apache Tomcat/9.0.20
02-Dec-2019 01:10:45.601 INFO [main] org.apache.catalina.startup.VersionLoggerListener.log Server built:          May 3 2019 22:26:00 UTC
02-Dec-2019 01:10:45.601 INFO [main] org.apache.catalina.startup.VersionLoggerListener.log Server version number: 9.0.20.0
02-Dec-2019 01:10:45.601 INFO [main] org.apache.catalina.startup.VersionLoggerListener.log OS Name:               Linux
02-Dec-2019 01:10:45.601 INFO [main] org.apache.catalina.startup.VersionLoggerListener.log OS Version:            4.15.0-38-generic
02-Dec-2019 01:10:45.601 INFO [main] org.apache.catalina.startup.VersionLoggerListener.log Architecture:          amd64
02-Dec-2019 01:10:45.601 INFO [main] org.apache.catalina.startup.VersionLoggerListener.log Java Home:             /opt/jdk-11.0.1
02-Dec-2019 01:10:45.601 INFO [main] org.apache.catalina.startup.VersionLoggerListener.log JVM Version:           11.0.1+13
02-Dec-2019 01:10:45.602 INFO [main] org.apache.catalina.startup.VersionLoggerListener.log JVM Vendor:            Oracle Corporation
02-Dec-2019 01:10:45.602 INFO [main] org.apache.catalina.startup.VersionLoggerListener.log CATALINA_BASE:         /home/ubuntu/kinoko/tomcat
02-Dec-2019 01:10:45.602 INFO [main] org.apache.catalina.startup.VersionLoggerListener.log CATALINA_HOME:         /home/ubuntu/kinoko/tomcat
02-Dec-2019 01:10:45.629 INFO [main] org.apache.catalina.startup.VersionLoggerListener.log Command line argument: --add-opens=java.base/java.lang=ALL-UNNAMED
02-Dec-2019 01:10:45.629 INFO [main] org.apache.catalina.startup.VersionLoggerListener.log Command line argument: --add-opens=java.base/java.io=ALL-UNNAMED
02-Dec-2019 01:10:45.630 INFO [main] org.apache.catalina.startup.VersionLoggerListener.log Command line argument: --add-opens=java.rmi/sun.rmi.transport=ALL-UNNAMED
02-Dec-2019 01:10:45.630 INFO [main] org.apache.catalina.startup.VersionLoggerListener.log Command line argument: -Djava.util.logging.config.file=/home/ubuntu/kinoko/tomcat/conf/logging.properties
02-Dec-2019 01:10:45.630 INFO [main] org.apache.catalina.startup.VersionLoggerListener.log Command line argument: -Djava.util.logging.manager=org.apache.juli.ClassLoaderLogManager
02-Dec-2019 01:10:45.630 INFO [main] org.apache.catalina.startup.VersionLoggerListener.log Command line argument: -Djdk.tls.ephemeralDHKeySize=2048
02-Dec-2019 01:10:45.630 INFO [main] org.apache.catalina.startup.VersionLoggerListener.log Command line argument: -Djava.protocol.handler.pkgs=org.apache.catalina.webresources
02-Dec-2019 01:10:45.630 INFO [main] org.apache.catalina.startup.VersionLoggerListener.log Command line argument: -Dorg.apache.catalina.security.SecurityListener.UMASK=0027
02-Dec-2019 01:10:45.631 INFO [main] org.apache.catalina.startup.VersionLoggerListener.log Command line argument: -Dignore.endorsed.dirs=
02-Dec-2019 01:10:45.631 INFO [main] org.apache.catalina.startup.VersionLoggerListener.log Command line argument: -Dcatalina.base=/home/ubuntu/kinoko/tomcat
02-Dec-2019 01:10:45.631 INFO [main] org.apache.catalina.startup.VersionLoggerListener.log Command line argument: -Dcatalina.home=/home/ubuntu/kinoko/tomcat
02-Dec-2019 01:10:45.631 INFO [main] org.apache.catalina.startup.VersionLoggerListener.log Command line argument: -Djava.io.tmpdir=/home/ubuntu/kinoko/tomcat/temp
02-Dec-2019 01:10:45.631 INFO [main] org.apache.catalina.core.AprLifecycleListener.lifecycleEvent The APR based Apache Tomcat Native library which allows optimal performance in production environments was not found on the java.library.path: [/usr/java/packages/lib:/usr/lib64:/lib64:/lib:/usr/lib]
02-Dec-2019 01:10:45.931 INFO [main] org.apache.coyote.AbstractProtocol.init Initializing ProtocolHandler ["http-nio-8080"]
02-Dec-2019 01:10:45.956 SEVERE [main] org.apache.catalina.util.LifecycleBase.handleSubClassException Failed to initialize component [Connector[HTTP/1.1-8080]]
	org.apache.catalina.LifecycleException: Protocol handler initialization failed
		at org.apache.catalina.connector.Connector.initInternal(Connector.java:983)
		at org.apache.catalina.util.LifecycleBase.init(LifecycleBase.java:136)
		at org.apache.catalina.core.StandardService.initInternal(StandardService.java:533)
		at org.apache.catalina.util.LifecycleBase.init(LifecycleBase.java:136)
		at org.apache.catalina.core.StandardServer.initInternal(StandardServer.java:1059)
		at org.apache.catalina.util.LifecycleBase.init(LifecycleBase.java:136)
		at org.apache.catalina.startup.Catalina.load(Catalina.java:584)
		at org.apache.catalina.startup.Catalina.load(Catalina.java:607)
		at java.base/jdk.internal.reflect.NativeMethodAccessorImpl.invoke0(Native Method)
		at java.base/jdk.internal.reflect.NativeMethodAccessorImpl.invoke(NativeMethodAccessorImpl.java:62)
		at java.base/jdk.internal.reflect.DelegatingMethodAccessorImpl.invoke(DelegatingMethodAccessorImpl.java:43)
		at java.base/java.lang.reflect.Method.invoke(Method.java:566)
		at org.apache.catalina.startup.Bootstrap.load(Bootstrap.java:304)
		at org.apache.catalina.startup.Bootstrap.main(Bootstrap.java:474)
	Caused by: java.net.BindException: Address already in use
		at java.base/sun.nio.ch.Net.bind0(Native Method)
		at java.base/sun.nio.ch.Net.bind(Net.java:461)
		at java.base/sun.nio.ch.Net.bind(Net.java:453)
		at java.base/sun.nio.ch.ServerSocketChannelImpl.bind(ServerSocketChannelImpl.java:227)
		at java.base/sun.nio.ch.ServerSocketAdaptor.bind(ServerSocketAdaptor.java:80)
		at org.apache.tomcat.util.net.NioEndpoint.initServerSocket(NioEndpoint.java:248)
		at org.apache.tomcat.util.net.NioEndpoint.bind(NioEndpoint.java:222)
		at org.apache.tomcat.util.net.AbstractEndpoint.bindWithCleanup(AbstractEndpoint.java:1119)
		at org.apache.tomcat.util.net.AbstractEndpoint.init(AbstractEndpoint.java:1132)
		at org.apache.coyote.AbstractProtocol.init(AbstractProtocol.java:557)
		at org.apache.coyote.http11.AbstractHttp11Protocol.init(AbstractHttp11Protocol.java:74)
		at org.apache.catalina.connector.Connector.initInternal(Connector.java:980)
		... 13 more
02-Dec-2019 01:10:45.958 INFO [main] org.apache.coyote.AbstractProtocol.init Initializing ProtocolHandler ["ajp-nio-8009"]
02-Dec-2019 01:10:45.959 SEVERE [main] org.apache.catalina.util.LifecycleBase.handleSubClassException Failed to initialize component [Connector[AJP/1.3-8009]]
	org.apache.catalina.LifecycleException: Protocol handler initialization failed
		at org.apache.catalina.connector.Connector.initInternal(Connector.java:983)
		at org.apache.catalina.util.LifecycleBase.init(LifecycleBase.java:136)
		at org.apache.catalina.core.StandardService.initInternal(StandardService.java:533)
		at org.apache.catalina.util.LifecycleBase.init(LifecycleBase.java:136)
		at org.apache.catalina.core.StandardServer.initInternal(StandardServer.java:1059)
		at org.apache.catalina.util.LifecycleBase.init(LifecycleBase.java:136)
		at org.apache.catalina.startup.Catalina.load(Catalina.java:584)
		at org.apache.catalina.startup.Catalina.load(Catalina.java:607)
		at java.base/jdk.internal.reflect.NativeMethodAccessorImpl.invoke0(Native Method)
		at java.base/jdk.internal.reflect.NativeMethodAccessorImpl.invoke(NativeMethodAccessorImpl.java:62)
		at java.base/jdk.internal.reflect.DelegatingMethodAccessorImpl.invoke(DelegatingMethodAccessorImpl.java:43)
		at java.base/java.lang.reflect.Method.invoke(Method.java:566)
		at org.apache.catalina.startup.Bootstrap.load(Bootstrap.java:304)
		at org.apache.catalina.startup.Bootstrap.main(Bootstrap.java:474)
	Caused by: java.net.BindException: Address already in use
		at java.base/sun.nio.ch.Net.bind0(Native Method)
		at java.base/sun.nio.ch.Net.bind(Net.java:461)
		at java.base/sun.nio.ch.Net.bind(Net.java:453)
		at java.base/sun.nio.ch.ServerSocketChannelImpl.bind(ServerSocketChannelImpl.java:227)
		at java.base/sun.nio.ch.ServerSocketAdaptor.bind(ServerSocketAdaptor.java:80)
		at org.apache.tomcat.util.net.NioEndpoint.initServerSocket(NioEndpoint.java:248)
		at org.apache.tomcat.util.net.NioEndpoint.bind(NioEndpoint.java:222)
		at org.apache.tomcat.util.net.AbstractEndpoint.bindWithCleanup(AbstractEndpoint.java:1119)
		at org.apache.tomcat.util.net.AbstractEndpoint.init(AbstractEndpoint.java:1132)
		at org.apache.coyote.AbstractProtocol.init(AbstractProtocol.java:557)
		at org.apache.catalina.connector.Connector.initInternal(Connector.java:980)
		... 13 more
02-Dec-2019 01:10:45.960 INFO [main] org.apache.catalina.startup.Catalina.load Server initialization in [640] milliseconds
02-Dec-2019 01:10:46.015 INFO [main] org.apache.catalina.core.StandardService.startInternal Starting service [Catalina]
02-Dec-2019 01:10:46.015 INFO [main] org.apache.catalina.core.StandardEngine.startInternal Starting Servlet engine: [Apache Tomcat/9.0.20]
02-Dec-2019 01:10:46.023 INFO [main] org.apache.catalina.startup.HostConfig.deployDescriptor Deploying deployment descriptor [/home/ubuntu/kinoko/tomcat/conf/Catalina/localhost/myform.xml]
02-Dec-2019 01:10:46.275 INFO [main] org.apache.catalina.startup.HostConfig.deployDescriptor Deployment of deployment descriptor [/home/ubuntu/kinoko/tomcat/conf/Catalina/localhost/myform.xml] has finished in [253] ms
02-Dec-2019 01:10:46.275 INFO [main] org.apache.catalina.startup.HostConfig.deployDescriptor Deploying deployment descriptor [/home/ubuntu/kinoko/tomcat/conf/Catalina/localhost/mywork.xml]
02-Dec-2019 01:10:46.429 INFO [main] org.apache.jasper.servlet.TldScanner.scanJars At least one JAR was scanned for TLDs yet contained no TLDs. Enable debug logging for this logger for a complete list of JARs that were scanned but no TLDs were found in them. Skipping unneeded JARs during scanning can improve startup time and JSP compilation time.
02-Dec-2019 01:10:46.431 INFO [main] org.apache.catalina.startup.HostConfig.deployDescriptor Deployment of deployment descriptor [/home/ubuntu/kinoko/tomcat/conf/Catalina/localhost/mywork.xml] has finished in [156] ms
02-Dec-2019 01:10:46.431 INFO [main] org.apache.catalina.startup.HostConfig.deployDescriptor Deploying deployment descriptor [/home/ubuntu/kinoko/tomcat/conf/Catalina/localhost/mydatabase.xml]
02-Dec-2019 01:10:46.544 INFO [main] org.apache.jasper.servlet.TldScanner.scanJars At least one JAR was scanned for TLDs yet contained no TLDs. Enable debug logging for this logger for a complete list of JARs that were scanned but no TLDs were found in them. Skipping unneeded JARs during scanning can improve startup time and JSP compilation time.
02-Dec-2019 01:10:46.546 INFO [main] org.apache.catalina.startup.HostConfig.deployDescriptor Deployment of deployment descriptor [/home/ubuntu/kinoko/tomcat/conf/Catalina/localhost/mydatabase.xml] has finished in [114] ms
02-Dec-2019 01:10:46.546 INFO [main] org.apache.catalina.startup.HostConfig.deployDirectory Deploying web application directory [/home/ubuntu/kinoko/tomcat/webapps/manager]
02-Dec-2019 01:10:46.572 INFO [main] org.apache.catalina.startup.HostConfig.deployDirectory Deployment of web application directory [/home/ubuntu/kinoko/tomcat/webapps/manager] has finished in [26] ms
02-Dec-2019 01:10:46.573 INFO [main] org.apache.catalina.startup.HostConfig.deployDirectory Deploying web application directory [/home/ubuntu/kinoko/tomcat/webapps/ROOT]
02-Dec-2019 01:10:46.590 INFO [main] org.apache.catalina.startup.HostConfig.deployDirectory Deployment of web application directory [/home/ubuntu/kinoko/tomcat/webapps/ROOT] has finished in [16] ms
02-Dec-2019 01:10:46.590 INFO [main] org.apache.catalina.startup.HostConfig.deployDirectory Deploying web application directory [/home/ubuntu/kinoko/tomcat/webapps/docs]
02-Dec-2019 01:10:46.604 INFO [main] org.apache.catalina.startup.HostConfig.deployDirectory Deployment of web application directory [/home/ubuntu/kinoko/tomcat/webapps/docs] has finished in [13] ms
02-Dec-2019 01:10:46.604 INFO [main] org.apache.catalina.startup.HostConfig.deployDirectory Deploying web application directory [/home/ubuntu/kinoko/tomcat/webapps/mybw]
02-Dec-2019 01:10:46.620 INFO [main] org.apache.catalina.startup.HostConfig.deployDirectory Deployment of web application directory [/home/ubuntu/kinoko/tomcat/webapps/mybw] has finished in [16] ms
02-Dec-2019 01:10:46.620 INFO [main] org.apache.catalina.startup.HostConfig.deployDirectory Deploying web application directory [/home/ubuntu/kinoko/tomcat/webapps/host-manager]
02-Dec-2019 01:10:46.638 INFO [main] org.apache.catalina.startup.HostConfig.deployDirectory Deployment of web application directory [/home/ubuntu/kinoko/tomcat/webapps/host-manager] has finished in [18] ms
02-Dec-2019 01:10:46.638 INFO [main] org.apache.catalina.startup.HostConfig.deployDirectory Deploying web application directory [/home/ubuntu/kinoko/tomcat/webapps/examples]
02-Dec-2019 01:10:46.822 INFO [main] org.apache.catalina.startup.HostConfig.deployDirectory Deployment of web application directory [/home/ubuntu/kinoko/tomcat/webapps/examples] has finished in [184] ms
02-Dec-2019 01:10:46.823 INFO [main] org.apache.catalina.startup.HostConfig.deployDirectory Deploying web application directory [/home/ubuntu/kinoko/tomcat/webapps/mybbs]
02-Dec-2019 01:10:46.839 INFO [main] org.apache.catalina.startup.HostConfig.deployDirectory Deployment of web application directory [/home/ubuntu/kinoko/tomcat/webapps/mybbs] has finished in [16] ms
02-Dec-2019 01:10:46.844 INFO [main] org.apache.catalina.startup.Catalina.start Server startup in [882] milliseconds
02-Dec-2019 01:10:46.849 SEVERE [main] org.apache.catalina.core.StandardServer.await Failed to create server shutdown socket on address [localhost] and port [8005] (base port [8005] and offset [0])
	java.net.BindException: Address already in use (Bind failed)
		at java.base/java.net.PlainSocketImpl.socketBind(Native Method)
		at java.base/java.net.AbstractPlainSocketImpl.bind(AbstractPlainSocketImpl.java:436)
		at java.base/java.net.ServerSocket.bind(ServerSocket.java:381)
		at java.base/java.net.ServerSocket.<init>(ServerSocket.java:243)
		at org.apache.catalina.core.StandardServer.await(StandardServer.java:584)
		at org.apache.catalina.startup.Catalina.await(Catalina.java:721)
		at org.apache.catalina.startup.Catalina.start(Catalina.java:667)
		at java.base/jdk.internal.reflect.NativeMethodAccessorImpl.invoke0(Native Method)
		at java.base/jdk.internal.reflect.NativeMethodAccessorImpl.invoke(NativeMethodAccessorImpl.java:62)
		at java.base/jdk.internal.reflect.DelegatingMethodAccessorImpl.invoke(DelegatingMethodAccessorImpl.java:43)
		at java.base/java.lang.reflect.Method.invoke(Method.java:566)
		at org.apache.catalina.startup.Bootstrap.start(Bootstrap.java:344)
		at org.apache.catalina.startup.Bootstrap.main(Bootstrap.java:475)
02-Dec-2019 01:10:46.849 INFO [main] org.apache.coyote.AbstractProtocol.pause Pausing ProtocolHandler ["http-nio-8080"]
02-Dec-2019 01:10:46.850 INFO [main] org.apache.coyote.AbstractProtocol.pause Pausing ProtocolHandler ["ajp-nio-8009"]
02-Dec-2019 01:10:46.850 INFO [main] org.apache.catalina.core.StandardService.stopInternal Stopping service [Catalina]
02-Dec-2019 01:10:46.884 INFO [main] org.apache.coyote.AbstractProtocol.stop Stopping ProtocolHandler ["http-nio-8080"]
02-Dec-2019 01:10:46.884 INFO [main] org.apache.coyote.AbstractProtocol.destroy Destroying ProtocolHandler ["http-nio-8080"]
02-Dec-2019 01:10:46.884 INFO [main] org.apache.coyote.AbstractProtocol.stop Stopping ProtocolHandler ["ajp-nio-8009"]
02-Dec-2019 01:10:46.885 INFO [main] org.apache.coyote.AbstractProtocol.destroy Destroying ProtocolHandler ["ajp-nio-8009"]
02-Dec-2019 01:18:39.909 INFO [main] org.apache.catalina.startup.VersionLoggerListener.log Server version name:   Apache Tomcat/9.0.20
02-Dec-2019 01:18:39.913 INFO [main] org.apache.catalina.startup.VersionLoggerListener.log Server built:          May 3 2019 22:26:00 UTC
02-Dec-2019 01:18:39.913 INFO [main] org.apache.catalina.startup.VersionLoggerListener.log Server version number: 9.0.20.0
02-Dec-2019 01:18:39.914 INFO [main] org.apache.catalina.startup.VersionLoggerListener.log OS Name:               Linux
02-Dec-2019 01:18:39.914 INFO [main] org.apache.catalina.startup.VersionLoggerListener.log OS Version:            4.15.0-38-generic
02-Dec-2019 01:18:39.914 INFO [main] org.apache.catalina.startup.VersionLoggerListener.log Architecture:          amd64
02-Dec-2019 01:18:39.914 INFO [main] org.apache.catalina.startup.VersionLoggerListener.log Java Home:             /opt/jdk-11.0.1
02-Dec-2019 01:18:39.914 INFO [main] org.apache.catalina.startup.VersionLoggerListener.log JVM Version:           11.0.1+13
02-Dec-2019 01:18:39.914 INFO [main] org.apache.catalina.startup.VersionLoggerListener.log JVM Vendor:            Oracle Corporation
02-Dec-2019 01:18:39.915 INFO [main] org.apache.catalina.startup.VersionLoggerListener.log CATALINA_BASE:         /home/ubuntu/kinoko/tomcat
02-Dec-2019 01:18:39.915 INFO [main] org.apache.catalina.startup.VersionLoggerListener.log CATALINA_HOME:         /home/ubuntu/kinoko/tomcat
02-Dec-2019 01:18:39.931 INFO [main] org.apache.catalina.startup.VersionLoggerListener.log Command line argument: --add-opens=java.base/java.lang=ALL-UNNAMED
02-Dec-2019 01:18:39.931 INFO [main] org.apache.catalina.startup.VersionLoggerListener.log Command line argument: --add-opens=java.base/java.io=ALL-UNNAMED
02-Dec-2019 01:18:39.934 INFO [main] org.apache.catalina.startup.VersionLoggerListener.log Command line argument: --add-opens=java.rmi/sun.rmi.transport=ALL-UNNAMED
02-Dec-2019 01:18:39.934 INFO [main] org.apache.catalina.startup.VersionLoggerListener.log Command line argument: -Djava.util.logging.config.file=/home/ubuntu/kinoko/tomcat/conf/logging.properties
02-Dec-2019 01:18:39.934 INFO [main] org.apache.catalina.startup.VersionLoggerListener.log Command line argument: -Djava.util.logging.manager=org.apache.juli.ClassLoaderLogManager
02-Dec-2019 01:18:39.934 INFO [main] org.apache.catalina.startup.VersionLoggerListener.log Command line argument: -Djdk.tls.ephemeralDHKeySize=2048
02-Dec-2019 01:18:39.934 INFO [main] org.apache.catalina.startup.VersionLoggerListener.log Command line argument: -Djava.protocol.handler.pkgs=org.apache.catalina.webresources
02-Dec-2019 01:18:39.935 INFO [main] org.apache.catalina.startup.VersionLoggerListener.log Command line argument: -Dorg.apache.catalina.security.SecurityListener.UMASK=0027
02-Dec-2019 01:18:39.935 INFO [main] org.apache.catalina.startup.VersionLoggerListener.log Command line argument: -Dignore.endorsed.dirs=
02-Dec-2019 01:18:39.935 INFO [main] org.apache.catalina.startup.VersionLoggerListener.log Command line argument: -Dcatalina.base=/home/ubuntu/kinoko/tomcat
02-Dec-2019 01:18:39.935 INFO [main] org.apache.catalina.startup.VersionLoggerListener.log Command line argument: -Dcatalina.home=/home/ubuntu/kinoko/tomcat
02-Dec-2019 01:18:39.935 INFO [main] org.apache.catalina.startup.VersionLoggerListener.log Command line argument: -Djava.io.tmpdir=/home/ubuntu/kinoko/tomcat/temp
02-Dec-2019 01:18:39.935 INFO [main] org.apache.catalina.core.AprLifecycleListener.lifecycleEvent The APR based Apache Tomcat Native library which allows optimal performance in production environments was not found on the java.library.path: [/usr/java/packages/lib:/usr/lib64:/lib64:/lib:/usr/lib]
02-Dec-2019 01:18:40.205 INFO [main] org.apache.coyote.AbstractProtocol.init Initializing ProtocolHandler ["http-nio-8080"]
02-Dec-2019 01:18:40.221 SEVERE [main] org.apache.catalina.util.LifecycleBase.handleSubClassException Failed to initialize component [Connector[HTTP/1.1-8080]]
	org.apache.catalina.LifecycleException: Protocol handler initialization failed
		at org.apache.catalina.connector.Connector.initInternal(Connector.java:983)
		at org.apache.catalina.util.LifecycleBase.init(LifecycleBase.java:136)
		at org.apache.catalina.core.StandardService.initInternal(StandardService.java:533)
		at org.apache.catalina.util.LifecycleBase.init(LifecycleBase.java:136)
		at org.apache.catalina.core.StandardServer.initInternal(StandardServer.java:1059)
		at org.apache.catalina.util.LifecycleBase.init(LifecycleBase.java:136)
		at org.apache.catalina.startup.Catalina.load(Catalina.java:584)
		at org.apache.catalina.startup.Catalina.load(Catalina.java:607)
		at java.base/jdk.internal.reflect.NativeMethodAccessorImpl.invoke0(Native Method)
		at java.base/jdk.internal.reflect.NativeMethodAccessorImpl.invoke(NativeMethodAccessorImpl.java:62)
		at java.base/jdk.internal.reflect.DelegatingMethodAccessorImpl.invoke(DelegatingMethodAccessorImpl.java:43)
		at java.base/java.lang.reflect.Method.invoke(Method.java:566)
		at org.apache.catalina.startup.Bootstrap.load(Bootstrap.java:304)
		at org.apache.catalina.startup.Bootstrap.main(Bootstrap.java:474)
	Caused by: java.net.BindException: Address already in use
		at java.base/sun.nio.ch.Net.bind0(Native Method)
		at java.base/sun.nio.ch.Net.bind(Net.java:461)
		at java.base/sun.nio.ch.Net.bind(Net.java:453)
		at java.base/sun.nio.ch.ServerSocketChannelImpl.bind(ServerSocketChannelImpl.java:227)
		at java.base/sun.nio.ch.ServerSocketAdaptor.bind(ServerSocketAdaptor.java:80)
		at org.apache.tomcat.util.net.NioEndpoint.initServerSocket(NioEndpoint.java:248)
		at org.apache.tomcat.util.net.NioEndpoint.bind(NioEndpoint.java:222)
		at org.apache.tomcat.util.net.AbstractEndpoint.bindWithCleanup(AbstractEndpoint.java:1119)
		at org.apache.tomcat.util.net.AbstractEndpoint.init(AbstractEndpoint.java:1132)
		at org.apache.coyote.AbstractProtocol.init(AbstractProtocol.java:557)
		at org.apache.coyote.http11.AbstractHttp11Protocol.init(AbstractHttp11Protocol.java:74)
		at org.apache.catalina.connector.Connector.initInternal(Connector.java:980)
		... 13 more
02-Dec-2019 01:18:40.222 INFO [main] org.apache.coyote.AbstractProtocol.init Initializing ProtocolHandler ["ajp-nio-8009"]
02-Dec-2019 01:18:40.224 SEVERE [main] org.apache.catalina.util.LifecycleBase.handleSubClassException Failed to initialize component [Connector[AJP/1.3-8009]]
	org.apache.catalina.LifecycleException: Protocol handler initialization failed
		at org.apache.catalina.connector.Connector.initInternal(Connector.java:983)
		at org.apache.catalina.util.LifecycleBase.init(LifecycleBase.java:136)
		at org.apache.catalina.core.StandardService.initInternal(StandardService.java:533)
		at org.apache.catalina.util.LifecycleBase.init(LifecycleBase.java:136)
		at org.apache.catalina.core.StandardServer.initInternal(StandardServer.java:1059)
		at org.apache.catalina.util.LifecycleBase.init(LifecycleBase.java:136)
		at org.apache.catalina.startup.Catalina.load(Catalina.java:584)
		at org.apache.catalina.startup.Catalina.load(Catalina.java:607)
		at java.base/jdk.internal.reflect.NativeMethodAccessorImpl.invoke0(Native Method)
		at java.base/jdk.internal.reflect.NativeMethodAccessorImpl.invoke(NativeMethodAccessorImpl.java:62)
		at java.base/jdk.internal.reflect.DelegatingMethodAccessorImpl.invoke(DelegatingMethodAccessorImpl.java:43)
		at java.base/java.lang.reflect.Method.invoke(Method.java:566)
		at org.apache.catalina.startup.Bootstrap.load(Bootstrap.java:304)
		at org.apache.catalina.startup.Bootstrap.main(Bootstrap.java:474)
	Caused by: java.net.BindException: Address already in use
		at java.base/sun.nio.ch.Net.bind0(Native Method)
		at java.base/sun.nio.ch.Net.bind(Net.java:461)
		at java.base/sun.nio.ch.Net.bind(Net.java:453)
		at java.base/sun.nio.ch.ServerSocketChannelImpl.bind(ServerSocketChannelImpl.java:227)
		at java.base/sun.nio.ch.ServerSocketAdaptor.bind(ServerSocketAdaptor.java:80)
		at org.apache.tomcat.util.net.NioEndpoint.initServerSocket(NioEndpoint.java:248)
		at org.apache.tomcat.util.net.NioEndpoint.bind(NioEndpoint.java:222)
		at org.apache.tomcat.util.net.AbstractEndpoint.bindWithCleanup(AbstractEndpoint.java:1119)
		at org.apache.tomcat.util.net.AbstractEndpoint.init(AbstractEndpoint.java:1132)
		at org.apache.coyote.AbstractProtocol.init(AbstractProtocol.java:557)
		at org.apache.catalina.connector.Connector.initInternal(Connector.java:980)
		... 13 more
02-Dec-2019 01:18:40.225 INFO [main] org.apache.catalina.startup.Catalina.load Server initialization in [520] milliseconds
02-Dec-2019 01:18:40.275 INFO [main] org.apache.catalina.core.StandardService.startInternal Starting service [Catalina]
02-Dec-2019 01:18:40.275 INFO [main] org.apache.catalina.core.StandardEngine.startInternal Starting Servlet engine: [Apache Tomcat/9.0.20]
02-Dec-2019 01:18:40.288 INFO [main] org.apache.catalina.startup.HostConfig.deployDescriptor Deploying deployment descriptor [/home/ubuntu/kinoko/tomcat/conf/Catalina/localhost/myform.xml]
02-Dec-2019 01:18:40.517 INFO [main] org.apache.catalina.startup.HostConfig.deployDescriptor Deployment of deployment descriptor [/home/ubuntu/kinoko/tomcat/conf/Catalina/localhost/myform.xml] has finished in [229] ms
02-Dec-2019 01:18:40.517 INFO [main] org.apache.catalina.startup.HostConfig.deployDescriptor Deploying deployment descriptor [/home/ubuntu/kinoko/tomcat/conf/Catalina/localhost/mywork.xml]
02-Dec-2019 01:18:40.697 INFO [main] org.apache.jasper.servlet.TldScanner.scanJars At least one JAR was scanned for TLDs yet contained no TLDs. Enable debug logging for this logger for a complete list of JARs that were scanned but no TLDs were found in them. Skipping unneeded JARs during scanning can improve startup time and JSP compilation time.
02-Dec-2019 01:18:40.699 INFO [main] org.apache.catalina.startup.HostConfig.deployDescriptor Deployment of deployment descriptor [/home/ubuntu/kinoko/tomcat/conf/Catalina/localhost/mywork.xml] has finished in [181] ms
02-Dec-2019 01:18:40.699 INFO [main] org.apache.catalina.startup.HostConfig.deployDescriptor Deploying deployment descriptor [/home/ubuntu/kinoko/tomcat/conf/Catalina/localhost/mydatabase.xml]
02-Dec-2019 01:18:40.819 INFO [main] org.apache.jasper.servlet.TldScanner.scanJars At least one JAR was scanned for TLDs yet contained no TLDs. Enable debug logging for this logger for a complete list of JARs that were scanned but no TLDs were found in them. Skipping unneeded JARs during scanning can improve startup time and JSP compilation time.
02-Dec-2019 01:18:40.821 INFO [main] org.apache.catalina.startup.HostConfig.deployDescriptor Deployment of deployment descriptor [/home/ubuntu/kinoko/tomcat/conf/Catalina/localhost/mydatabase.xml] has finished in [121] ms
02-Dec-2019 01:18:40.821 INFO [main] org.apache.catalina.startup.HostConfig.deployDirectory Deploying web application directory [/home/ubuntu/kinoko/tomcat/webapps/manager]
02-Dec-2019 01:18:40.847 INFO [main] org.apache.catalina.startup.HostConfig.deployDirectory Deployment of web application directory [/home/ubuntu/kinoko/tomcat/webapps/manager] has finished in [26] ms
02-Dec-2019 01:18:40.848 INFO [main] org.apache.catalina.startup.HostConfig.deployDirectory Deploying web application directory [/home/ubuntu/kinoko/tomcat/webapps/ROOT]
02-Dec-2019 01:18:40.861 INFO [main] org.apache.catalina.startup.HostConfig.deployDirectory Deployment of web application directory [/home/ubuntu/kinoko/tomcat/webapps/ROOT] has finished in [13] ms
02-Dec-2019 01:18:40.861 INFO [main] org.apache.catalina.startup.HostConfig.deployDirectory Deploying web application directory [/home/ubuntu/kinoko/tomcat/webapps/docs]
02-Dec-2019 01:18:40.874 INFO [main] org.apache.catalina.startup.HostConfig.deployDirectory Deployment of web application directory [/home/ubuntu/kinoko/tomcat/webapps/docs] has finished in [13] ms
02-Dec-2019 01:18:40.875 INFO [main] org.apache.catalina.startup.HostConfig.deployDirectory Deploying web application directory [/home/ubuntu/kinoko/tomcat/webapps/mybw]
02-Dec-2019 01:18:40.890 INFO [main] org.apache.catalina.startup.HostConfig.deployDirectory Deployment of web application directory [/home/ubuntu/kinoko/tomcat/webapps/mybw] has finished in [15] ms
02-Dec-2019 01:18:40.890 INFO [main] org.apache.catalina.startup.HostConfig.deployDirectory Deploying web application directory [/home/ubuntu/kinoko/tomcat/webapps/host-manager]
02-Dec-2019 01:18:40.908 INFO [main] org.apache.catalina.startup.HostConfig.deployDirectory Deployment of web application directory [/home/ubuntu/kinoko/tomcat/webapps/host-manager] has finished in [17] ms
02-Dec-2019 01:18:40.908 INFO [main] org.apache.catalina.startup.HostConfig.deployDirectory Deploying web application directory [/home/ubuntu/kinoko/tomcat/webapps/examples]
02-Dec-2019 01:18:41.099 INFO [main] org.apache.catalina.startup.HostConfig.deployDirectory Deployment of web application directory [/home/ubuntu/kinoko/tomcat/webapps/examples] has finished in [191] ms
02-Dec-2019 01:18:41.099 INFO [main] org.apache.catalina.startup.HostConfig.deployDirectory Deploying web application directory [/home/ubuntu/kinoko/tomcat/webapps/mybbs]
02-Dec-2019 01:18:41.114 INFO [main] org.apache.catalina.startup.HostConfig.deployDirectory Deployment of web application directory [/home/ubuntu/kinoko/tomcat/webapps/mybbs] has finished in [15] ms
02-Dec-2019 01:18:41.119 INFO [main] org.apache.catalina.startup.Catalina.start Server startup in [893] milliseconds
02-Dec-2019 01:18:41.125 SEVERE [main] org.apache.catalina.core.StandardServer.await Failed to create server shutdown socket on address [localhost] and port [8005] (base port [8005] and offset [0])
	java.net.BindException: Address already in use (Bind failed)
		at java.base/java.net.PlainSocketImpl.socketBind(Native Method)
		at java.base/java.net.AbstractPlainSocketImpl.bind(AbstractPlainSocketImpl.java:436)
		at java.base/java.net.ServerSocket.bind(ServerSocket.java:381)
		at java.base/java.net.ServerSocket.<init>(ServerSocket.java:243)
		at org.apache.catalina.core.StandardServer.await(StandardServer.java:584)
		at org.apache.catalina.startup.Catalina.await(Catalina.java:721)
		at org.apache.catalina.startup.Catalina.start(Catalina.java:667)
		at java.base/jdk.internal.reflect.NativeMethodAccessorImpl.invoke0(Native Method)
		at java.base/jdk.internal.reflect.NativeMethodAccessorImpl.invoke(NativeMethodAccessorImpl.java:62)
		at java.base/jdk.internal.reflect.DelegatingMethodAccessorImpl.invoke(DelegatingMethodAccessorImpl.java:43)
		at java.base/java.lang.reflect.Method.invoke(Method.java:566)
		at org.apache.catalina.startup.Bootstrap.start(Bootstrap.java:344)
		at org.apache.catalina.startup.Bootstrap.main(Bootstrap.java:475)
02-Dec-2019 01:18:41.125 INFO [main] org.apache.coyote.AbstractProtocol.pause Pausing ProtocolHandler ["http-nio-8080"]
02-Dec-2019 01:18:41.125 INFO [main] org.apache.coyote.AbstractProtocol.pause Pausing ProtocolHandler ["ajp-nio-8009"]
02-Dec-2019 01:18:41.125 INFO [main] org.apache.catalina.core.StandardService.stopInternal Stopping service [Catalina]
02-Dec-2019 01:18:41.153 INFO [main] org.apache.coyote.AbstractProtocol.stop Stopping ProtocolHandler ["http-nio-8080"]
02-Dec-2019 01:18:41.153 INFO [main] org.apache.coyote.AbstractProtocol.destroy Destroying ProtocolHandler ["http-nio-8080"]
02-Dec-2019 01:18:41.154 INFO [main] org.apache.coyote.AbstractProtocol.stop Stopping ProtocolHandler ["ajp-nio-8009"]
02-Dec-2019 01:18:41.154 INFO [main] org.apache.coyote.AbstractProtocol.destroy Destroying ProtocolHandler ["ajp-nio-8009"]
02-Dec-2019 01:51:27.699 INFO [main] org.apache.catalina.startup.VersionLoggerListener.log Server version name:   Apache Tomcat/9.0.20
02-Dec-2019 01:51:27.708 INFO [main] org.apache.catalina.startup.VersionLoggerListener.log Server built:          May 3 2019 22:26:00 UTC
02-Dec-2019 01:51:27.709 INFO [main] org.apache.catalina.startup.VersionLoggerListener.log Server version number: 9.0.20.0
02-Dec-2019 01:51:27.709 INFO [main] org.apache.catalina.startup.VersionLoggerListener.log OS Name:               Linux
02-Dec-2019 01:51:27.709 INFO [main] org.apache.catalina.startup.VersionLoggerListener.log OS Version:            4.15.0-38-generic
02-Dec-2019 01:51:27.709 INFO [main] org.apache.catalina.startup.VersionLoggerListener.log Architecture:          amd64
02-Dec-2019 01:51:27.709 INFO [main] org.apache.catalina.startup.VersionLoggerListener.log Java Home:             /opt/jdk-11.0.1
02-Dec-2019 01:51:27.709 INFO [main] org.apache.catalina.startup.VersionLoggerListener.log JVM Version:           11.0.1+13
02-Dec-2019 01:51:27.710 INFO [main] org.apache.catalina.startup.VersionLoggerListener.log JVM Vendor:            Oracle Corporation
02-Dec-2019 01:51:27.710 INFO [main] org.apache.catalina.startup.VersionLoggerListener.log CATALINA_BASE:         /home/ubuntu/kinoko/tomcat
02-Dec-2019 01:51:27.710 INFO [main] org.apache.catalina.startup.VersionLoggerListener.log CATALINA_HOME:         /home/ubuntu/kinoko/tomcat
02-Dec-2019 01:51:27.733 INFO [main] org.apache.catalina.startup.VersionLoggerListener.log Command line argument: --add-opens=java.base/java.lang=ALL-UNNAMED
02-Dec-2019 01:51:27.733 INFO [main] org.apache.catalina.startup.VersionLoggerListener.log Command line argument: --add-opens=java.base/java.io=ALL-UNNAMED
02-Dec-2019 01:51:27.733 INFO [main] org.apache.catalina.startup.VersionLoggerListener.log Command line argument: --add-opens=java.rmi/sun.rmi.transport=ALL-UNNAMED
02-Dec-2019 01:51:27.733 INFO [main] org.apache.catalina.startup.VersionLoggerListener.log Command line argument: -Djava.util.logging.config.file=/home/ubuntu/kinoko/tomcat/conf/logging.properties
02-Dec-2019 01:51:27.733 INFO [main] org.apache.catalina.startup.VersionLoggerListener.log Command line argument: -Djava.util.logging.manager=org.apache.juli.ClassLoaderLogManager
02-Dec-2019 01:51:27.733 INFO [main] org.apache.catalina.startup.VersionLoggerListener.log Command line argument: -Djdk.tls.ephemeralDHKeySize=2048
02-Dec-2019 01:51:27.734 INFO [main] org.apache.catalina.startup.VersionLoggerListener.log Command line argument: -Djava.protocol.handler.pkgs=org.apache.catalina.webresources
02-Dec-2019 01:51:27.734 INFO [main] org.apache.catalina.startup.VersionLoggerListener.log Command line argument: -Dorg.apache.catalina.security.SecurityListener.UMASK=0027
02-Dec-2019 01:51:27.734 INFO [main] org.apache.catalina.startup.VersionLoggerListener.log Command line argument: -Dignore.endorsed.dirs=
02-Dec-2019 01:51:27.734 INFO [main] org.apache.catalina.startup.VersionLoggerListener.log Command line argument: -Dcatalina.base=/home/ubuntu/kinoko/tomcat
02-Dec-2019 01:51:27.734 INFO [main] org.apache.catalina.startup.VersionLoggerListener.log Command line argument: -Dcatalina.home=/home/ubuntu/kinoko/tomcat
02-Dec-2019 01:51:27.734 INFO [main] org.apache.catalina.startup.VersionLoggerListener.log Command line argument: -Djava.io.tmpdir=/home/ubuntu/kinoko/tomcat/temp
02-Dec-2019 01:51:27.734 INFO [main] org.apache.catalina.core.AprLifecycleListener.lifecycleEvent The APR based Apache Tomcat Native library which allows optimal performance in production environments was not found on the java.library.path: [/usr/java/packages/lib:/usr/lib64:/lib64:/lib:/usr/lib]
02-Dec-2019 01:51:28.091 INFO [main] org.apache.coyote.AbstractProtocol.init Initializing ProtocolHandler ["http-nio-8080"]
02-Dec-2019 01:51:28.129 SEVERE [main] org.apache.catalina.util.LifecycleBase.handleSubClassException Failed to initialize component [Connector[HTTP/1.1-8080]]
	org.apache.catalina.LifecycleException: Protocol handler initialization failed
		at org.apache.catalina.connector.Connector.initInternal(Connector.java:983)
		at org.apache.catalina.util.LifecycleBase.init(LifecycleBase.java:136)
		at org.apache.catalina.core.StandardService.initInternal(StandardService.java:533)
		at org.apache.catalina.util.LifecycleBase.init(LifecycleBase.java:136)
		at org.apache.catalina.core.StandardServer.initInternal(StandardServer.java:1059)
		at org.apache.catalina.util.LifecycleBase.init(LifecycleBase.java:136)
		at org.apache.catalina.startup.Catalina.load(Catalina.java:584)
		at org.apache.catalina.startup.Catalina.load(Catalina.java:607)
		at java.base/jdk.internal.reflect.NativeMethodAccessorImpl.invoke0(Native Method)
		at java.base/jdk.internal.reflect.NativeMethodAccessorImpl.invoke(NativeMethodAccessorImpl.java:62)
		at java.base/jdk.internal.reflect.DelegatingMethodAccessorImpl.invoke(DelegatingMethodAccessorImpl.java:43)
		at java.base/java.lang.reflect.Method.invoke(Method.java:566)
		at org.apache.catalina.startup.Bootstrap.load(Bootstrap.java:304)
		at org.apache.catalina.startup.Bootstrap.main(Bootstrap.java:474)
	Caused by: java.net.BindException: Address already in use
		at java.base/sun.nio.ch.Net.bind0(Native Method)
		at java.base/sun.nio.ch.Net.bind(Net.java:461)
		at java.base/sun.nio.ch.Net.bind(Net.java:453)
		at java.base/sun.nio.ch.ServerSocketChannelImpl.bind(ServerSocketChannelImpl.java:227)
		at java.base/sun.nio.ch.ServerSocketAdaptor.bind(ServerSocketAdaptor.java:80)
		at org.apache.tomcat.util.net.NioEndpoint.initServerSocket(NioEndpoint.java:248)
		at org.apache.tomcat.util.net.NioEndpoint.bind(NioEndpoint.java:222)
		at org.apache.tomcat.util.net.AbstractEndpoint.bindWithCleanup(AbstractEndpoint.java:1119)
		at org.apache.tomcat.util.net.AbstractEndpoint.init(AbstractEndpoint.java:1132)
		at org.apache.coyote.AbstractProtocol.init(AbstractProtocol.java:557)
		at org.apache.coyote.http11.AbstractHttp11Protocol.init(AbstractHttp11Protocol.java:74)
		at org.apache.catalina.connector.Connector.initInternal(Connector.java:980)
		... 13 more
02-Dec-2019 01:51:28.131 INFO [main] org.apache.coyote.AbstractProtocol.init Initializing ProtocolHandler ["ajp-nio-8009"]
02-Dec-2019 01:51:28.135 SEVERE [main] org.apache.catalina.util.LifecycleBase.handleSubClassException Failed to initialize component [Connector[AJP/1.3-8009]]
	org.apache.catalina.LifecycleException: Protocol handler initialization failed
		at org.apache.catalina.connector.Connector.initInternal(Connector.java:983)
		at org.apache.catalina.util.LifecycleBase.init(LifecycleBase.java:136)
		at org.apache.catalina.core.StandardService.initInternal(StandardService.java:533)
		at org.apache.catalina.util.LifecycleBase.init(LifecycleBase.java:136)
		at org.apache.catalina.core.StandardServer.initInternal(StandardServer.java:1059)
		at org.apache.catalina.util.LifecycleBase.init(LifecycleBase.java:136)
		at org.apache.catalina.startup.Catalina.load(Catalina.java:584)
		at org.apache.catalina.startup.Catalina.load(Catalina.java:607)
		at java.base/jdk.internal.reflect.NativeMethodAccessorImpl.invoke0(Native Method)
		at java.base/jdk.internal.reflect.NativeMethodAccessorImpl.invoke(NativeMethodAccessorImpl.java:62)
		at java.base/jdk.internal.reflect.DelegatingMethodAccessorImpl.invoke(DelegatingMethodAccessorImpl.java:43)
		at java.base/java.lang.reflect.Method.invoke(Method.java:566)
		at org.apache.catalina.startup.Bootstrap.load(Bootstrap.java:304)
		at org.apache.catalina.startup.Bootstrap.main(Bootstrap.java:474)
	Caused by: java.net.BindException: Address already in use
		at java.base/sun.nio.ch.Net.bind0(Native Method)
		at java.base/sun.nio.ch.Net.bind(Net.java:461)
		at java.base/sun.nio.ch.Net.bind(Net.java:453)
		at java.base/sun.nio.ch.ServerSocketChannelImpl.bind(ServerSocketChannelImpl.java:227)
		at java.base/sun.nio.ch.ServerSocketAdaptor.bind(ServerSocketAdaptor.java:80)
		at org.apache.tomcat.util.net.NioEndpoint.initServerSocket(NioEndpoint.java:248)
		at org.apache.tomcat.util.net.NioEndpoint.bind(NioEndpoint.java:222)
		at org.apache.tomcat.util.net.AbstractEndpoint.bindWithCleanup(AbstractEndpoint.java:1119)
		at org.apache.tomcat.util.net.AbstractEndpoint.init(AbstractEndpoint.java:1132)
		at org.apache.coyote.AbstractProtocol.init(AbstractProtocol.java:557)
		at org.apache.catalina.connector.Connector.initInternal(Connector.java:980)
		... 13 more
02-Dec-2019 01:51:28.137 INFO [main] org.apache.catalina.startup.Catalina.load Server initialization in [746] milliseconds
02-Dec-2019 01:51:28.235 INFO [main] org.apache.catalina.core.StandardService.startInternal Starting service [Catalina]
02-Dec-2019 01:51:28.235 INFO [main] org.apache.catalina.core.StandardEngine.startInternal Starting Servlet engine: [Apache Tomcat/9.0.20]
02-Dec-2019 01:51:28.248 INFO [main] org.apache.catalina.startup.HostConfig.deployDescriptor Deploying deployment descriptor [/home/ubuntu/kinoko/tomcat/conf/Catalina/localhost/myform.xml]
02-Dec-2019 01:51:28.709 INFO [main] org.apache.catalina.startup.HostConfig.deployDescriptor Deployment of deployment descriptor [/home/ubuntu/kinoko/tomcat/conf/Catalina/localhost/myform.xml] has finished in [461] ms
02-Dec-2019 01:51:28.710 INFO [main] org.apache.catalina.startup.HostConfig.deployDescriptor Deploying deployment descriptor [/home/ubuntu/kinoko/tomcat/conf/Catalina/localhost/mywork.xml]
02-Dec-2019 01:51:28.979 INFO [main] org.apache.jasper.servlet.TldScanner.scanJars At least one JAR was scanned for TLDs yet contained no TLDs. Enable debug logging for this logger for a complete list of JARs that were scanned but no TLDs were found in them. Skipping unneeded JARs during scanning can improve startup time and JSP compilation time.
02-Dec-2019 01:51:28.981 INFO [main] org.apache.catalina.startup.HostConfig.deployDescriptor Deployment of deployment descriptor [/home/ubuntu/kinoko/tomcat/conf/Catalina/localhost/mywork.xml] has finished in [271] ms
02-Dec-2019 01:51:28.982 INFO [main] org.apache.catalina.startup.HostConfig.deployDescriptor Deploying deployment descriptor [/home/ubuntu/kinoko/tomcat/conf/Catalina/localhost/mydatabase.xml]
02-Dec-2019 01:51:29.123 INFO [main] org.apache.jasper.servlet.TldScanner.scanJars At least one JAR was scanned for TLDs yet contained no TLDs. Enable debug logging for this logger for a complete list of JARs that were scanned but no TLDs were found in them. Skipping unneeded JARs during scanning can improve startup time and JSP compilation time.
02-Dec-2019 01:51:29.129 INFO [main] org.apache.catalina.startup.HostConfig.deployDescriptor Deployment of deployment descriptor [/home/ubuntu/kinoko/tomcat/conf/Catalina/localhost/mydatabase.xml] has finished in [147] ms
02-Dec-2019 01:51:29.131 INFO [main] org.apache.catalina.startup.HostConfig.deployDirectory Deploying web application directory [/home/ubuntu/kinoko/tomcat/webapps/manager]
02-Dec-2019 01:51:29.171 INFO [main] org.apache.catalina.startup.HostConfig.deployDirectory Deployment of web application directory [/home/ubuntu/kinoko/tomcat/webapps/manager] has finished in [40] ms
02-Dec-2019 01:51:29.172 INFO [main] org.apache.catalina.startup.HostConfig.deployDirectory Deploying web application directory [/home/ubuntu/kinoko/tomcat/webapps/ROOT]
02-Dec-2019 01:51:29.188 INFO [main] org.apache.catalina.startup.HostConfig.deployDirectory Deployment of web application directory [/home/ubuntu/kinoko/tomcat/webapps/ROOT] has finished in [15] ms
02-Dec-2019 01:51:29.190 INFO [main] org.apache.catalina.startup.HostConfig.deployDirectory Deploying web application directory [/home/ubuntu/kinoko/tomcat/webapps/docs]
02-Dec-2019 01:51:29.207 INFO [main] org.apache.catalina.startup.HostConfig.deployDirectory Deployment of web application directory [/home/ubuntu/kinoko/tomcat/webapps/docs] has finished in [17] ms
02-Dec-2019 01:51:29.207 INFO [main] org.apache.catalina.startup.HostConfig.deployDirectory Deploying web application directory [/home/ubuntu/kinoko/tomcat/webapps/mybw]
02-Dec-2019 01:51:29.230 INFO [main] org.apache.catalina.startup.HostConfig.deployDirectory Deployment of web application directory [/home/ubuntu/kinoko/tomcat/webapps/mybw] has finished in [23] ms
02-Dec-2019 01:51:29.231 INFO [main] org.apache.catalina.startup.HostConfig.deployDirectory Deploying web application directory [/home/ubuntu/kinoko/tomcat/webapps/host-manager]
02-Dec-2019 01:51:29.255 INFO [main] org.apache.catalina.startup.HostConfig.deployDirectory Deployment of web application directory [/home/ubuntu/kinoko/tomcat/webapps/host-manager] has finished in [25] ms
02-Dec-2019 01:51:29.256 INFO [main] org.apache.catalina.startup.HostConfig.deployDirectory Deploying web application directory [/home/ubuntu/kinoko/tomcat/webapps/examples]
02-Dec-2019 01:51:29.480 INFO [main] org.apache.catalina.startup.HostConfig.deployDirectory Deployment of web application directory [/home/ubuntu/kinoko/tomcat/webapps/examples] has finished in [224] ms
02-Dec-2019 01:51:29.481 INFO [main] org.apache.catalina.startup.HostConfig.deployDirectory Deploying web application directory [/home/ubuntu/kinoko/tomcat/webapps/mybbs]
02-Dec-2019 01:51:29.508 INFO [main] org.apache.catalina.startup.HostConfig.deployDirectory Deployment of web application directory [/home/ubuntu/kinoko/tomcat/webapps/mybbs] has finished in [28] ms
02-Dec-2019 01:51:29.515 INFO [main] org.apache.catalina.startup.Catalina.start Server startup in [1,377] milliseconds
02-Dec-2019 01:51:29.522 SEVERE [main] org.apache.catalina.core.StandardServer.await Failed to create server shutdown socket on address [localhost] and port [8005] (base port [8005] and offset [0])
	java.net.BindException: Address already in use (Bind failed)
		at java.base/java.net.PlainSocketImpl.socketBind(Native Method)
		at java.base/java.net.AbstractPlainSocketImpl.bind(AbstractPlainSocketImpl.java:436)
		at java.base/java.net.ServerSocket.bind(ServerSocket.java:381)
		at java.base/java.net.ServerSocket.<init>(ServerSocket.java:243)
		at org.apache.catalina.core.StandardServer.await(StandardServer.java:584)
		at org.apache.catalina.startup.Catalina.await(Catalina.java:721)
		at org.apache.catalina.startup.Catalina.start(Catalina.java:667)
		at java.base/jdk.internal.reflect.NativeMethodAccessorImpl.invoke0(Native Method)
		at java.base/jdk.internal.reflect.NativeMethodAccessorImpl.invoke(NativeMethodAccessorImpl.java:62)
		at java.base/jdk.internal.reflect.DelegatingMethodAccessorImpl.invoke(DelegatingMethodAccessorImpl.java:43)
		at java.base/java.lang.reflect.Method.invoke(Method.java:566)
		at org.apache.catalina.startup.Bootstrap.start(Bootstrap.java:344)
		at org.apache.catalina.startup.Bootstrap.main(Bootstrap.java:475)
02-Dec-2019 01:51:29.523 INFO [main] org.apache.coyote.AbstractProtocol.pause Pausing ProtocolHandler ["http-nio-8080"]
02-Dec-2019 01:51:29.523 INFO [main] org.apache.coyote.AbstractProtocol.pause Pausing ProtocolHandler ["ajp-nio-8009"]
02-Dec-2019 01:51:29.523 INFO [main] org.apache.catalina.core.StandardService.stopInternal Stopping service [Catalina]
02-Dec-2019 01:51:29.616 INFO [main] org.apache.coyote.AbstractProtocol.stop Stopping ProtocolHandler ["http-nio-8080"]
02-Dec-2019 01:51:29.618 INFO [main] org.apache.coyote.AbstractProtocol.destroy Destroying ProtocolHandler ["http-nio-8080"]
02-Dec-2019 01:51:29.618 INFO [main] org.apache.coyote.AbstractProtocol.stop Stopping ProtocolHandler ["ajp-nio-8009"]
02-Dec-2019 01:51:29.618 INFO [main] org.apache.coyote.AbstractProtocol.destroy Destroying ProtocolHandler ["ajp-nio-8009"]
