04-Aug-2019 07:51:26.214 INFO [main] org.apache.catalina.startup.VersionLoggerListener.log Server version name:   Apache Tomcat/9.0.20
04-Aug-2019 07:51:26.218 INFO [main] org.apache.catalina.startup.VersionLoggerListener.log Server built:          May 3 2019 22:26:00 UTC
04-Aug-2019 07:51:26.218 INFO [main] org.apache.catalina.startup.VersionLoggerListener.log Server version number: 9.0.20.0
04-Aug-2019 07:51:26.219 INFO [main] org.apache.catalina.startup.VersionLoggerListener.log OS Name:               Linux
04-Aug-2019 07:51:26.219 INFO [main] org.apache.catalina.startup.VersionLoggerListener.log OS Version:            4.15.0-45-generic
04-Aug-2019 07:51:26.219 INFO [main] org.apache.catalina.startup.VersionLoggerListener.log Architecture:          amd64
04-Aug-2019 07:51:26.219 INFO [main] org.apache.catalina.startup.VersionLoggerListener.log Java Home:             /opt/jdk-11.0.1
04-Aug-2019 07:51:26.219 INFO [main] org.apache.catalina.startup.VersionLoggerListener.log JVM Version:           11.0.1+13
04-Aug-2019 07:51:26.223 INFO [main] org.apache.catalina.startup.VersionLoggerListener.log JVM Vendor:            Oracle Corporation
04-Aug-2019 07:51:26.224 INFO [main] org.apache.catalina.startup.VersionLoggerListener.log CATALINA_BASE:         /home/ubuntu/kinoko/tomcat
04-Aug-2019 07:51:26.224 INFO [main] org.apache.catalina.startup.VersionLoggerListener.log CATALINA_HOME:         /home/ubuntu/kinoko/tomcat
04-Aug-2019 07:51:26.247 INFO [main] org.apache.catalina.startup.VersionLoggerListener.log Command line argument: --add-opens=java.base/java.lang=ALL-UNNAMED
04-Aug-2019 07:51:26.247 INFO [main] org.apache.catalina.startup.VersionLoggerListener.log Command line argument: --add-opens=java.base/java.io=ALL-UNNAMED
04-Aug-2019 07:51:26.247 INFO [main] org.apache.catalina.startup.VersionLoggerListener.log Command line argument: --add-opens=java.rmi/sun.rmi.transport=ALL-UNNAMED
04-Aug-2019 07:51:26.247 INFO [main] org.apache.catalina.startup.VersionLoggerListener.log Command line argument: -Djava.util.logging.config.file=/home/ubuntu/kinoko/tomcat/conf/logging.properties
04-Aug-2019 07:51:26.247 INFO [main] org.apache.catalina.startup.VersionLoggerListener.log Command line argument: -Djava.util.logging.manager=org.apache.juli.ClassLoaderLogManager
04-Aug-2019 07:51:26.248 INFO [main] org.apache.catalina.startup.VersionLoggerListener.log Command line argument: -Djdk.tls.ephemeralDHKeySize=2048
04-Aug-2019 07:51:26.248 INFO [main] org.apache.catalina.startup.VersionLoggerListener.log Command line argument: -Djava.protocol.handler.pkgs=org.apache.catalina.webresources
04-Aug-2019 07:51:26.248 INFO [main] org.apache.catalina.startup.VersionLoggerListener.log Command line argument: -Dorg.apache.catalina.security.SecurityListener.UMASK=0027
04-Aug-2019 07:51:26.248 INFO [main] org.apache.catalina.startup.VersionLoggerListener.log Command line argument: -Dignore.endorsed.dirs=
04-Aug-2019 07:51:26.248 INFO [main] org.apache.catalina.startup.VersionLoggerListener.log Command line argument: -Dcatalina.base=/home/ubuntu/kinoko/tomcat
04-Aug-2019 07:51:26.248 INFO [main] org.apache.catalina.startup.VersionLoggerListener.log Command line argument: -Dcatalina.home=/home/ubuntu/kinoko/tomcat
04-Aug-2019 07:51:26.249 INFO [main] org.apache.catalina.startup.VersionLoggerListener.log Command line argument: -Djava.io.tmpdir=/home/ubuntu/kinoko/tomcat/temp
04-Aug-2019 07:51:26.249 INFO [main] org.apache.catalina.core.AprLifecycleListener.lifecycleEvent The APR based Apache Tomcat Native library which allows optimal performance in production environments was not found on the java.library.path: [/usr/java/packages/lib:/usr/lib64:/lib64:/lib:/usr/lib]
04-Aug-2019 07:51:26.726 INFO [main] org.apache.coyote.AbstractProtocol.init Initializing ProtocolHandler ["http-nio-8080"]
04-Aug-2019 07:51:26.762 SEVERE [main] org.apache.catalina.util.LifecycleBase.handleSubClassException Failed to initialize component [Connector[HTTP/1.1-8080]]
	org.apache.catalina.LifecycleException: Protocol handler initialization failed
		at org.apache.catalina.connector.Connector.initInternal(Connector.java:983)
		at org.apache.catalina.util.LifecycleBase.init(LifecycleBase.java:136)
		at org.apache.catalina.core.StandardService.initInternal(StandardService.java:533)
		at org.apache.catalina.util.LifecycleBase.init(LifecycleBase.java:136)
		at org.apache.catalina.core.StandardServer.initInternal(StandardServer.java:1059)
		at org.apache.catalina.util.LifecycleBase.init(LifecycleBase.java:136)
		at org.apache.catalina.startup.Catalina.load(Catalina.java:584)
		at org.apache.catalina.startup.Catalina.load(Catalina.java:607)
		at java.base/jdk.internal.reflect.NativeMethodAccessorImpl.invoke0(Native Method)
		at java.base/jdk.internal.reflect.NativeMethodAccessorImpl.invoke(NativeMethodAccessorImpl.java:62)
		at java.base/jdk.internal.reflect.DelegatingMethodAccessorImpl.invoke(DelegatingMethodAccessorImpl.java:43)
		at java.base/java.lang.reflect.Method.invoke(Method.java:566)
		at org.apache.catalina.startup.Bootstrap.load(Bootstrap.java:304)
		at org.apache.catalina.startup.Bootstrap.main(Bootstrap.java:474)
	Caused by: java.net.BindException: Address already in use
		at java.base/sun.nio.ch.Net.bind0(Native Method)
		at java.base/sun.nio.ch.Net.bind(Net.java:461)
		at java.base/sun.nio.ch.Net.bind(Net.java:453)
		at java.base/sun.nio.ch.ServerSocketChannelImpl.bind(ServerSocketChannelImpl.java:227)
		at java.base/sun.nio.ch.ServerSocketAdaptor.bind(ServerSocketAdaptor.java:80)
		at org.apache.tomcat.util.net.NioEndpoint.initServerSocket(NioEndpoint.java:248)
		at org.apache.tomcat.util.net.NioEndpoint.bind(NioEndpoint.java:222)
		at org.apache.tomcat.util.net.AbstractEndpoint.bindWithCleanup(AbstractEndpoint.java:1119)
		at org.apache.tomcat.util.net.AbstractEndpoint.init(AbstractEndpoint.java:1132)
		at org.apache.coyote.AbstractProtocol.init(AbstractProtocol.java:557)
		at org.apache.coyote.http11.AbstractHttp11Protocol.init(AbstractHttp11Protocol.java:74)
		at org.apache.catalina.connector.Connector.initInternal(Connector.java:980)
		... 13 more
04-Aug-2019 07:51:26.764 INFO [main] org.apache.coyote.AbstractProtocol.init Initializing ProtocolHandler ["ajp-nio-8009"]
04-Aug-2019 07:51:26.768 SEVERE [main] org.apache.catalina.util.LifecycleBase.handleSubClassException Failed to initialize component [Connector[AJP/1.3-8009]]
	org.apache.catalina.LifecycleException: Protocol handler initialization failed
		at org.apache.catalina.connector.Connector.initInternal(Connector.java:983)
		at org.apache.catalina.util.LifecycleBase.init(LifecycleBase.java:136)
		at org.apache.catalina.core.StandardService.initInternal(StandardService.java:533)
		at org.apache.catalina.util.LifecycleBase.init(LifecycleBase.java:136)
		at org.apache.catalina.core.StandardServer.initInternal(StandardServer.java:1059)
		at org.apache.catalina.util.LifecycleBase.init(LifecycleBase.java:136)
		at org.apache.catalina.startup.Catalina.load(Catalina.java:584)
		at org.apache.catalina.startup.Catalina.load(Catalina.java:607)
		at java.base/jdk.internal.reflect.NativeMethodAccessorImpl.invoke0(Native Method)
		at java.base/jdk.internal.reflect.NativeMethodAccessorImpl.invoke(NativeMethodAccessorImpl.java:62)
		at java.base/jdk.internal.reflect.DelegatingMethodAccessorImpl.invoke(DelegatingMethodAccessorImpl.java:43)
		at java.base/java.lang.reflect.Method.invoke(Method.java:566)
		at org.apache.catalina.startup.Bootstrap.load(Bootstrap.java:304)
		at org.apache.catalina.startup.Bootstrap.main(Bootstrap.java:474)
	Caused by: java.net.BindException: Address already in use
		at java.base/sun.nio.ch.Net.bind0(Native Method)
		at java.base/sun.nio.ch.Net.bind(Net.java:461)
		at java.base/sun.nio.ch.Net.bind(Net.java:453)
		at java.base/sun.nio.ch.ServerSocketChannelImpl.bind(ServerSocketChannelImpl.java:227)
		at java.base/sun.nio.ch.ServerSocketAdaptor.bind(ServerSocketAdaptor.java:80)
		at org.apache.tomcat.util.net.NioEndpoint.initServerSocket(NioEndpoint.java:248)
		at org.apache.tomcat.util.net.NioEndpoint.bind(NioEndpoint.java:222)
		at org.apache.tomcat.util.net.AbstractEndpoint.bindWithCleanup(AbstractEndpoint.java:1119)
		at org.apache.tomcat.util.net.AbstractEndpoint.init(AbstractEndpoint.java:1132)
		at org.apache.coyote.AbstractProtocol.init(AbstractProtocol.java:557)
		at org.apache.catalina.connector.Connector.initInternal(Connector.java:980)
		... 13 more
04-Aug-2019 07:51:26.770 INFO [main] org.apache.catalina.startup.Catalina.load Server initialization in [917] milliseconds
04-Aug-2019 07:51:26.902 INFO [main] org.apache.catalina.core.StandardService.startInternal Starting service [Catalina]
04-Aug-2019 07:51:26.902 INFO [main] org.apache.catalina.core.StandardEngine.startInternal Starting Servlet engine: [Apache Tomcat/9.0.20]
04-Aug-2019 07:51:26.925 INFO [main] org.apache.catalina.startup.HostConfig.deployDescriptor Deploying deployment descriptor [/home/ubuntu/kinoko/tomcat/conf/Catalina/localhost/mywork.xml]
04-Aug-2019 07:51:27.434 INFO [main] org.apache.catalina.startup.HostConfig.deployDescriptor Deployment of deployment descriptor [/home/ubuntu/kinoko/tomcat/conf/Catalina/localhost/mywork.xml] has finished in [509] ms
04-Aug-2019 07:51:27.436 INFO [main] org.apache.catalina.startup.HostConfig.deployDirectory Deploying web application directory [/home/ubuntu/kinoko/tomcat/webapps/manager]
04-Aug-2019 07:51:27.528 INFO [main] org.apache.catalina.startup.HostConfig.deployDirectory Deployment of web application directory [/home/ubuntu/kinoko/tomcat/webapps/manager] has finished in [92] ms
04-Aug-2019 07:51:27.528 INFO [main] org.apache.catalina.startup.HostConfig.deployDirectory Deploying web application directory [/home/ubuntu/kinoko/tomcat/webapps/ROOT]
04-Aug-2019 07:51:27.570 INFO [main] org.apache.catalina.startup.HostConfig.deployDirectory Deployment of web application directory [/home/ubuntu/kinoko/tomcat/webapps/ROOT] has finished in [42] ms
04-Aug-2019 07:51:27.571 INFO [main] org.apache.catalina.startup.HostConfig.deployDirectory Deploying web application directory [/home/ubuntu/kinoko/tomcat/webapps/docs]
04-Aug-2019 07:51:27.631 INFO [main] org.apache.catalina.startup.HostConfig.deployDirectory Deployment of web application directory [/home/ubuntu/kinoko/tomcat/webapps/docs] has finished in [59] ms
04-Aug-2019 07:51:27.632 INFO [main] org.apache.catalina.startup.HostConfig.deployDirectory Deploying web application directory [/home/ubuntu/kinoko/tomcat/webapps/host-manager]
04-Aug-2019 07:51:27.695 INFO [main] org.apache.catalina.startup.HostConfig.deployDirectory Deployment of web application directory [/home/ubuntu/kinoko/tomcat/webapps/host-manager] has finished in [63] ms
04-Aug-2019 07:51:27.696 INFO [main] org.apache.catalina.startup.HostConfig.deployDirectory Deploying web application directory [/home/ubuntu/kinoko/tomcat/webapps/examples]
04-Aug-2019 07:51:28.110 INFO [main] org.apache.catalina.startup.HostConfig.deployDirectory Deployment of web application directory [/home/ubuntu/kinoko/tomcat/webapps/examples] has finished in [414] ms
04-Aug-2019 07:51:28.119 INFO [main] org.apache.catalina.startup.Catalina.start Server startup in [1,344] milliseconds
04-Aug-2019 07:51:28.134 SEVERE [main] org.apache.catalina.core.StandardServer.await Failed to create server shutdown socket on address [localhost] and port [8005] (base port [8005] and offset [0])
	java.net.BindException: Address already in use (Bind failed)
		at java.base/java.net.PlainSocketImpl.socketBind(Native Method)
		at java.base/java.net.AbstractPlainSocketImpl.bind(AbstractPlainSocketImpl.java:436)
		at java.base/java.net.ServerSocket.bind(ServerSocket.java:381)
		at java.base/java.net.ServerSocket.<init>(ServerSocket.java:243)
		at org.apache.catalina.core.StandardServer.await(StandardServer.java:584)
		at org.apache.catalina.startup.Catalina.await(Catalina.java:721)
		at org.apache.catalina.startup.Catalina.start(Catalina.java:667)
		at java.base/jdk.internal.reflect.NativeMethodAccessorImpl.invoke0(Native Method)
		at java.base/jdk.internal.reflect.NativeMethodAccessorImpl.invoke(NativeMethodAccessorImpl.java:62)
		at java.base/jdk.internal.reflect.DelegatingMethodAccessorImpl.invoke(DelegatingMethodAccessorImpl.java:43)
		at java.base/java.lang.reflect.Method.invoke(Method.java:566)
		at org.apache.catalina.startup.Bootstrap.start(Bootstrap.java:344)
		at org.apache.catalina.startup.Bootstrap.main(Bootstrap.java:475)
04-Aug-2019 07:51:28.139 INFO [main] org.apache.coyote.AbstractProtocol.pause Pausing ProtocolHandler ["http-nio-8080"]
04-Aug-2019 07:51:28.139 INFO [main] org.apache.coyote.AbstractProtocol.pause Pausing ProtocolHandler ["ajp-nio-8009"]
04-Aug-2019 07:51:28.139 INFO [main] org.apache.catalina.core.StandardService.stopInternal Stopping service [Catalina]
04-Aug-2019 07:51:28.199 INFO [main] org.apache.coyote.AbstractProtocol.stop Stopping ProtocolHandler ["http-nio-8080"]
04-Aug-2019 07:51:28.199 INFO [main] org.apache.coyote.AbstractProtocol.destroy Destroying ProtocolHandler ["http-nio-8080"]
04-Aug-2019 07:51:28.200 INFO [main] org.apache.coyote.AbstractProtocol.stop Stopping ProtocolHandler ["ajp-nio-8009"]
04-Aug-2019 07:51:28.201 INFO [main] org.apache.coyote.AbstractProtocol.destroy Destroying ProtocolHandler ["ajp-nio-8009"]
04-Aug-2019 07:52:17.530 INFO [main] org.apache.catalina.startup.VersionLoggerListener.log Server version name:   Apache Tomcat/9.0.20
04-Aug-2019 07:52:17.534 INFO [main] org.apache.catalina.startup.VersionLoggerListener.log Server built:          May 3 2019 22:26:00 UTC
04-Aug-2019 07:52:17.534 INFO [main] org.apache.catalina.startup.VersionLoggerListener.log Server version number: 9.0.20.0
04-Aug-2019 07:52:17.535 INFO [main] org.apache.catalina.startup.VersionLoggerListener.log OS Name:               Linux
04-Aug-2019 07:52:17.535 INFO [main] org.apache.catalina.startup.VersionLoggerListener.log OS Version:            4.15.0-45-generic
04-Aug-2019 07:52:17.535 INFO [main] org.apache.catalina.startup.VersionLoggerListener.log Architecture:          amd64
04-Aug-2019 07:52:17.535 INFO [main] org.apache.catalina.startup.VersionLoggerListener.log Java Home:             /opt/jdk-11.0.1
04-Aug-2019 07:52:17.537 INFO [main] org.apache.catalina.startup.VersionLoggerListener.log JVM Version:           11.0.1+13
04-Aug-2019 07:52:17.538 INFO [main] org.apache.catalina.startup.VersionLoggerListener.log JVM Vendor:            Oracle Corporation
04-Aug-2019 07:52:17.538 INFO [main] org.apache.catalina.startup.VersionLoggerListener.log CATALINA_BASE:         /home/ubuntu/kinoko/tomcat
04-Aug-2019 07:52:17.538 INFO [main] org.apache.catalina.startup.VersionLoggerListener.log CATALINA_HOME:         /home/ubuntu/kinoko/tomcat
04-Aug-2019 07:52:17.556 INFO [main] org.apache.catalina.startup.VersionLoggerListener.log Command line argument: --add-opens=java.base/java.lang=ALL-UNNAMED
04-Aug-2019 07:52:17.557 INFO [main] org.apache.catalina.startup.VersionLoggerListener.log Command line argument: --add-opens=java.base/java.io=ALL-UNNAMED
04-Aug-2019 07:52:17.557 INFO [main] org.apache.catalina.startup.VersionLoggerListener.log Command line argument: --add-opens=java.rmi/sun.rmi.transport=ALL-UNNAMED
04-Aug-2019 07:52:17.557 INFO [main] org.apache.catalina.startup.VersionLoggerListener.log Command line argument: -Djava.util.logging.config.file=/home/ubuntu/kinoko/tomcat/conf/logging.properties
04-Aug-2019 07:52:17.557 INFO [main] org.apache.catalina.startup.VersionLoggerListener.log Command line argument: -Djava.util.logging.manager=org.apache.juli.ClassLoaderLogManager
04-Aug-2019 07:52:17.557 INFO [main] org.apache.catalina.startup.VersionLoggerListener.log Command line argument: -Djdk.tls.ephemeralDHKeySize=2048
04-Aug-2019 07:52:17.558 INFO [main] org.apache.catalina.startup.VersionLoggerListener.log Command line argument: -Djava.protocol.handler.pkgs=org.apache.catalina.webresources
04-Aug-2019 07:52:17.558 INFO [main] org.apache.catalina.startup.VersionLoggerListener.log Command line argument: -Dorg.apache.catalina.security.SecurityListener.UMASK=0027
04-Aug-2019 07:52:17.559 INFO [main] org.apache.catalina.startup.VersionLoggerListener.log Command line argument: -Dignore.endorsed.dirs=
04-Aug-2019 07:52:17.559 INFO [main] org.apache.catalina.startup.VersionLoggerListener.log Command line argument: -Dcatalina.base=/home/ubuntu/kinoko/tomcat
04-Aug-2019 07:52:17.560 INFO [main] org.apache.catalina.startup.VersionLoggerListener.log Command line argument: -Dcatalina.home=/home/ubuntu/kinoko/tomcat
04-Aug-2019 07:52:17.560 INFO [main] org.apache.catalina.startup.VersionLoggerListener.log Command line argument: -Djava.io.tmpdir=/home/ubuntu/kinoko/tomcat/temp
04-Aug-2019 07:52:17.560 INFO [main] org.apache.catalina.core.AprLifecycleListener.lifecycleEvent The APR based Apache Tomcat Native library which allows optimal performance in production environments was not found on the java.library.path: [/usr/java/packages/lib:/usr/lib64:/lib64:/lib:/usr/lib]
04-Aug-2019 07:52:17.833 INFO [main] org.apache.coyote.AbstractProtocol.init Initializing ProtocolHandler ["http-nio-8080"]
04-Aug-2019 07:52:17.864 INFO [main] org.apache.coyote.AbstractProtocol.init Initializing ProtocolHandler ["ajp-nio-8009"]
04-Aug-2019 07:52:17.866 INFO [main] org.apache.catalina.startup.Catalina.load Server initialization in [561] milliseconds
04-Aug-2019 07:52:17.935 INFO [main] org.apache.catalina.core.StandardService.startInternal Starting service [Catalina]
04-Aug-2019 07:52:17.935 INFO [main] org.apache.catalina.core.StandardEngine.startInternal Starting Servlet engine: [Apache Tomcat/9.0.20]
04-Aug-2019 07:52:17.944 INFO [main] org.apache.catalina.startup.HostConfig.deployDescriptor Deploying deployment descriptor [/home/ubuntu/kinoko/tomcat/conf/Catalina/localhost/mywork.xml]
04-Aug-2019 07:52:18.237 INFO [main] org.apache.catalina.startup.HostConfig.deployDescriptor Deployment of deployment descriptor [/home/ubuntu/kinoko/tomcat/conf/Catalina/localhost/mywork.xml] has finished in [293] ms
04-Aug-2019 07:52:18.238 INFO [main] org.apache.catalina.startup.HostConfig.deployDirectory Deploying web application directory [/home/ubuntu/kinoko/tomcat/webapps/manager]
04-Aug-2019 07:52:18.274 INFO [main] org.apache.catalina.startup.HostConfig.deployDirectory Deployment of web application directory [/home/ubuntu/kinoko/tomcat/webapps/manager] has finished in [36] ms
04-Aug-2019 07:52:18.274 INFO [main] org.apache.catalina.startup.HostConfig.deployDirectory Deploying web application directory [/home/ubuntu/kinoko/tomcat/webapps/ROOT]
04-Aug-2019 07:52:18.291 INFO [main] org.apache.catalina.startup.HostConfig.deployDirectory Deployment of web application directory [/home/ubuntu/kinoko/tomcat/webapps/ROOT] has finished in [17] ms
04-Aug-2019 07:52:18.291 INFO [main] org.apache.catalina.startup.HostConfig.deployDirectory Deploying web application directory [/home/ubuntu/kinoko/tomcat/webapps/docs]
04-Aug-2019 07:52:18.307 INFO [main] org.apache.catalina.startup.HostConfig.deployDirectory Deployment of web application directory [/home/ubuntu/kinoko/tomcat/webapps/docs] has finished in [16] ms
04-Aug-2019 07:52:18.308 INFO [main] org.apache.catalina.startup.HostConfig.deployDirectory Deploying web application directory [/home/ubuntu/kinoko/tomcat/webapps/host-manager]
04-Aug-2019 07:52:18.325 INFO [main] org.apache.catalina.startup.HostConfig.deployDirectory Deployment of web application directory [/home/ubuntu/kinoko/tomcat/webapps/host-manager] has finished in [18] ms
04-Aug-2019 07:52:18.325 INFO [main] org.apache.catalina.startup.HostConfig.deployDirectory Deploying web application directory [/home/ubuntu/kinoko/tomcat/webapps/examples]
04-Aug-2019 07:52:18.575 INFO [main] org.apache.catalina.startup.HostConfig.deployDirectory Deployment of web application directory [/home/ubuntu/kinoko/tomcat/webapps/examples] has finished in [249] ms
04-Aug-2019 07:52:18.589 INFO [main] org.apache.coyote.AbstractProtocol.start Starting ProtocolHandler ["http-nio-8080"]
04-Aug-2019 07:52:18.602 INFO [main] org.apache.coyote.AbstractProtocol.start Starting ProtocolHandler ["ajp-nio-8009"]
04-Aug-2019 07:52:18.613 INFO [main] org.apache.catalina.startup.Catalina.start Server startup in [747] milliseconds
04-Aug-2019 08:05:34.796 INFO [main] org.apache.catalina.core.StandardServer.await A valid shutdown command was received via the shutdown port. Stopping the Server instance.
04-Aug-2019 08:05:34.798 INFO [main] org.apache.coyote.AbstractProtocol.pause Pausing ProtocolHandler ["http-nio-8080"]
04-Aug-2019 08:05:34.811 INFO [main] org.apache.coyote.AbstractProtocol.pause Pausing ProtocolHandler ["ajp-nio-8009"]
04-Aug-2019 08:05:34.813 INFO [main] org.apache.catalina.core.StandardService.stopInternal Stopping service [Catalina]
04-Aug-2019 08:05:34.869 INFO [main] org.apache.coyote.AbstractProtocol.stop Stopping ProtocolHandler ["http-nio-8080"]
04-Aug-2019 08:05:34.879 INFO [main] org.apache.coyote.AbstractProtocol.stop Stopping ProtocolHandler ["ajp-nio-8009"]
04-Aug-2019 08:05:34.884 INFO [main] org.apache.coyote.AbstractProtocol.destroy Destroying ProtocolHandler ["http-nio-8080"]
04-Aug-2019 08:05:34.888 INFO [main] org.apache.coyote.AbstractProtocol.destroy Destroying ProtocolHandler ["ajp-nio-8009"]
04-Aug-2019 08:39:47.808 INFO [main] org.apache.catalina.startup.VersionLoggerListener.log Server version name:   Apache Tomcat/9.0.20
04-Aug-2019 08:39:47.811 INFO [main] org.apache.catalina.startup.VersionLoggerListener.log Server built:          May 3 2019 22:26:00 UTC
04-Aug-2019 08:39:47.812 INFO [main] org.apache.catalina.startup.VersionLoggerListener.log Server version number: 9.0.20.0
04-Aug-2019 08:39:47.812 INFO [main] org.apache.catalina.startup.VersionLoggerListener.log OS Name:               Linux
04-Aug-2019 08:39:47.812 INFO [main] org.apache.catalina.startup.VersionLoggerListener.log OS Version:            4.15.0-45-generic
04-Aug-2019 08:39:47.812 INFO [main] org.apache.catalina.startup.VersionLoggerListener.log Architecture:          amd64
04-Aug-2019 08:39:47.812 INFO [main] org.apache.catalina.startup.VersionLoggerListener.log Java Home:             /opt/jdk-11.0.1
04-Aug-2019 08:39:47.813 INFO [main] org.apache.catalina.startup.VersionLoggerListener.log JVM Version:           11.0.1+13
04-Aug-2019 08:39:47.813 INFO [main] org.apache.catalina.startup.VersionLoggerListener.log JVM Vendor:            Oracle Corporation
04-Aug-2019 08:39:47.813 INFO [main] org.apache.catalina.startup.VersionLoggerListener.log CATALINA_BASE:         /home/ubuntu/kinoko/tomcat
04-Aug-2019 08:39:47.813 INFO [main] org.apache.catalina.startup.VersionLoggerListener.log CATALINA_HOME:         /home/ubuntu/kinoko/tomcat
04-Aug-2019 08:39:47.837 INFO [main] org.apache.catalina.startup.VersionLoggerListener.log Command line argument: --add-opens=java.base/java.lang=ALL-UNNAMED
04-Aug-2019 08:39:47.837 INFO [main] org.apache.catalina.startup.VersionLoggerListener.log Command line argument: --add-opens=java.base/java.io=ALL-UNNAMED
04-Aug-2019 08:39:47.838 INFO [main] org.apache.catalina.startup.VersionLoggerListener.log Command line argument: --add-opens=java.rmi/sun.rmi.transport=ALL-UNNAMED
04-Aug-2019 08:39:47.838 INFO [main] org.apache.catalina.startup.VersionLoggerListener.log Command line argument: -Djava.util.logging.config.file=/home/ubuntu/kinoko/tomcat/conf/logging.properties
04-Aug-2019 08:39:47.838 INFO [main] org.apache.catalina.startup.VersionLoggerListener.log Command line argument: -Djava.util.logging.manager=org.apache.juli.ClassLoaderLogManager
04-Aug-2019 08:39:47.838 INFO [main] org.apache.catalina.startup.VersionLoggerListener.log Command line argument: -Djdk.tls.ephemeralDHKeySize=2048
04-Aug-2019 08:39:47.838 INFO [main] org.apache.catalina.startup.VersionLoggerListener.log Command line argument: -Djava.protocol.handler.pkgs=org.apache.catalina.webresources
04-Aug-2019 08:39:47.838 INFO [main] org.apache.catalina.startup.VersionLoggerListener.log Command line argument: -Dorg.apache.catalina.security.SecurityListener.UMASK=0027
04-Aug-2019 08:39:47.839 INFO [main] org.apache.catalina.startup.VersionLoggerListener.log Command line argument: -Dignore.endorsed.dirs=
04-Aug-2019 08:39:47.839 INFO [main] org.apache.catalina.startup.VersionLoggerListener.log Command line argument: -Dcatalina.base=/home/ubuntu/kinoko/tomcat
04-Aug-2019 08:39:47.839 INFO [main] org.apache.catalina.startup.VersionLoggerListener.log Command line argument: -Dcatalina.home=/home/ubuntu/kinoko/tomcat
04-Aug-2019 08:39:47.839 INFO [main] org.apache.catalina.startup.VersionLoggerListener.log Command line argument: -Djava.io.tmpdir=/home/ubuntu/kinoko/tomcat/temp
04-Aug-2019 08:39:47.839 INFO [main] org.apache.catalina.core.AprLifecycleListener.lifecycleEvent The APR based Apache Tomcat Native library which allows optimal performance in production environments was not found on the java.library.path: [/usr/java/packages/lib:/usr/lib64:/lib64:/lib:/usr/lib]
04-Aug-2019 08:39:48.169 INFO [main] org.apache.coyote.AbstractProtocol.init Initializing ProtocolHandler ["http-nio-8080"]
04-Aug-2019 08:39:48.217 INFO [main] org.apache.coyote.AbstractProtocol.init Initializing ProtocolHandler ["ajp-nio-8009"]
04-Aug-2019 08:39:48.220 INFO [main] org.apache.catalina.startup.Catalina.load Server initialization in [774] milliseconds
04-Aug-2019 08:39:48.298 INFO [main] org.apache.catalina.core.StandardService.startInternal Starting service [Catalina]
04-Aug-2019 08:39:48.299 INFO [main] org.apache.catalina.core.StandardEngine.startInternal Starting Servlet engine: [Apache Tomcat/9.0.20]
04-Aug-2019 08:39:48.309 INFO [main] org.apache.catalina.startup.HostConfig.deployDescriptor Deploying deployment descriptor [/home/ubuntu/kinoko/tomcat/conf/Catalina/localhost/mywork.xml]
04-Aug-2019 08:39:48.575 INFO [main] org.apache.catalina.startup.HostConfig.deployDescriptor Deployment of deployment descriptor [/home/ubuntu/kinoko/tomcat/conf/Catalina/localhost/mywork.xml] has finished in [265] ms
04-Aug-2019 08:39:48.575 INFO [main] org.apache.catalina.startup.HostConfig.deployDirectory Deploying web application directory [/home/ubuntu/kinoko/tomcat/webapps/manager]
04-Aug-2019 08:39:48.608 INFO [main] org.apache.catalina.startup.HostConfig.deployDirectory Deployment of web application directory [/home/ubuntu/kinoko/tomcat/webapps/manager] has finished in [33] ms
04-Aug-2019 08:39:48.608 INFO [main] org.apache.catalina.startup.HostConfig.deployDirectory Deploying web application directory [/home/ubuntu/kinoko/tomcat/webapps/ROOT]
04-Aug-2019 08:39:48.630 INFO [main] org.apache.catalina.startup.HostConfig.deployDirectory Deployment of web application directory [/home/ubuntu/kinoko/tomcat/webapps/ROOT] has finished in [21] ms
04-Aug-2019 08:39:48.630 INFO [main] org.apache.catalina.startup.HostConfig.deployDirectory Deploying web application directory [/home/ubuntu/kinoko/tomcat/webapps/docs]
04-Aug-2019 08:39:48.655 INFO [main] org.apache.catalina.startup.HostConfig.deployDirectory Deployment of web application directory [/home/ubuntu/kinoko/tomcat/webapps/docs] has finished in [25] ms
04-Aug-2019 08:39:48.655 INFO [main] org.apache.catalina.startup.HostConfig.deployDirectory Deploying web application directory [/home/ubuntu/kinoko/tomcat/webapps/host-manager]
04-Aug-2019 08:39:48.682 INFO [main] org.apache.catalina.startup.HostConfig.deployDirectory Deployment of web application directory [/home/ubuntu/kinoko/tomcat/webapps/host-manager] has finished in [27] ms
04-Aug-2019 08:39:48.682 INFO [main] org.apache.catalina.startup.HostConfig.deployDirectory Deploying web application directory [/home/ubuntu/kinoko/tomcat/webapps/examples]
04-Aug-2019 08:39:48.982 INFO [main] org.apache.catalina.startup.HostConfig.deployDirectory Deployment of web application directory [/home/ubuntu/kinoko/tomcat/webapps/examples] has finished in [299] ms
04-Aug-2019 08:39:48.985 INFO [main] org.apache.coyote.AbstractProtocol.start Starting ProtocolHandler ["http-nio-8080"]
04-Aug-2019 08:39:49.008 INFO [main] org.apache.coyote.AbstractProtocol.start Starting ProtocolHandler ["ajp-nio-8009"]
04-Aug-2019 08:39:49.025 INFO [main] org.apache.catalina.startup.Catalina.start Server startup in [804] milliseconds
04-Aug-2019 11:42:23.408 INFO [Catalina-utility-2] org.apache.catalina.startup.HostConfig.reload Reloading context [/mywork]
04-Aug-2019 11:42:23.481 INFO [Catalina-utility-2] org.apache.catalina.core.StandardContext.reload Reloading Context with name [/mywork] has started
04-Aug-2019 11:42:24.409 INFO [Catalina-utility-2] org.apache.catalina.core.StandardContext.reload Reloading Context with name [/mywork] is completed
04-Aug-2019 11:43:04.424 INFO [Catalina-utility-2] org.apache.catalina.startup.HostConfig.reload Reloading context [/mywork]
04-Aug-2019 11:43:04.425 INFO [Catalina-utility-2] org.apache.catalina.core.StandardContext.reload Reloading Context with name [/mywork] has started
04-Aug-2019 11:43:04.544 INFO [Catalina-utility-2] org.apache.catalina.core.StandardContext.reload Reloading Context with name [/mywork] is completed
04-Aug-2019 11:51:54.831 INFO [Catalina-utility-1] org.apache.catalina.core.StandardContext.reload Reloading Context with name [/mywork] has started
04-Aug-2019 11:51:55.157 INFO [Catalina-utility-1] org.apache.catalina.core.StandardContext.reload Reloading Context with name [/mywork] is completed
04-Aug-2019 11:57:45.334 INFO [Catalina-utility-1] org.apache.catalina.startup.HostConfig.reload Reloading context [/mywork]
04-Aug-2019 11:57:45.355 INFO [Catalina-utility-1] org.apache.catalina.core.StandardContext.reload Reloading Context with name [/mywork] has started
04-Aug-2019 11:57:45.826 INFO [Catalina-utility-1] org.apache.catalina.core.StandardContext.reload Reloading Context with name [/mywork] is completed
04-Aug-2019 12:36:46.786 INFO [Catalina-utility-1] org.apache.catalina.startup.HostConfig.reload Reloading context [/mywork]
04-Aug-2019 12:36:46.811 INFO [Catalina-utility-1] org.apache.catalina.core.StandardContext.reload Reloading Context with name [/mywork] has started
04-Aug-2019 12:36:47.440 INFO [Catalina-utility-1] org.apache.catalina.core.StandardContext.reload Reloading Context with name [/mywork] is completed
04-Aug-2019 12:37:57.467 INFO [Catalina-utility-1] org.apache.catalina.startup.HostConfig.reload Reloading context [/mywork]
04-Aug-2019 12:37:57.467 INFO [Catalina-utility-1] org.apache.catalina.core.StandardContext.reload Reloading Context with name [/mywork] has started
04-Aug-2019 12:37:57.582 INFO [Catalina-utility-1] org.apache.catalina.core.StandardContext.reload Reloading Context with name [/mywork] is completed
