20-Nov-2019 01:37:33.051 SEVERE [http-nio-8080-exec-15] org.apache.catalina.core.ApplicationDispatcher.invoke Servlet.service() for servlet [jsp] threw exception
	org.apache.jasper.JasperException: Unable to compile class for JSP: 

An error occurred at line: [18] in the jsp file: [/WEB-INF/views/pazudoraform.jsp]
Syntax error, insert ";" to complete LocalVariableDeclarationStatement
15:         
16:         
17:         <% /*String message = (String)request.getAttribute("message");*/%>
18:         <% String message = "stamina" %>
19:         <h1 style="color: #364e96; padding: 0.5em 0; border-top: solid 3px #364e96; border-bottom: solid 3px #364e96;">
20:         <%= message %></h1>
21:         <a name="topBoard"></a>


Stacktrace:
		at org.apache.jasper.compiler.DefaultErrorHandler.javacError(DefaultErrorHandler.java:103)
		at org.apache.jasper.compiler.ErrorDispatcher.javacError(ErrorDispatcher.java:213)
		at org.apache.jasper.compiler.JDTCompiler.generateClass(JDTCompiler.java:522)
		at org.apache.jasper.compiler.Compiler.compile(Compiler.java:392)
		at org.apache.jasper.compiler.Compiler.compile(Compiler.java:362)
		at org.apache.jasper.compiler.Compiler.compile(Compiler.java:346)
		at org.apache.jasper.JspCompilationContext.compile(JspCompilationContext.java:603)
		at org.apache.jasper.servlet.JspServletWrapper.service(JspServletWrapper.java:399)
		at org.apache.jasper.servlet.JspServlet.serviceJspFile(JspServlet.java:385)
		at org.apache.jasper.servlet.JspServlet.service(JspServlet.java:329)
		at javax.servlet.http.HttpServlet.service(HttpServlet.java:741)
		at org.apache.catalina.core.ApplicationFilterChain.internalDoFilter(ApplicationFilterChain.java:231)
		at org.apache.catalina.core.ApplicationFilterChain.doFilter(ApplicationFilterChain.java:166)
		at org.apache.tomcat.websocket.server.WsFilter.doFilter(WsFilter.java:53)
		at org.apache.catalina.core.ApplicationFilterChain.internalDoFilter(ApplicationFilterChain.java:193)
		at org.apache.catalina.core.ApplicationFilterChain.doFilter(ApplicationFilterChain.java:166)
		at org.apache.catalina.core.ApplicationDispatcher.invoke(ApplicationDispatcher.java:712)
		at org.apache.catalina.core.ApplicationDispatcher.processRequest(ApplicationDispatcher.java:459)
		at org.apache.catalina.core.ApplicationDispatcher.doForward(ApplicationDispatcher.java:384)
		at org.apache.catalina.core.ApplicationDispatcher.forward(ApplicationDispatcher.java:312)
		at PazudoraForm.doGet(PazudoraForm.java:35)
		at javax.servlet.http.HttpServlet.service(HttpServlet.java:634)
		at javax.servlet.http.HttpServlet.service(HttpServlet.java:741)
		at org.apache.catalina.core.ApplicationFilterChain.internalDoFilter(ApplicationFilterChain.java:231)
		at org.apache.catalina.core.ApplicationFilterChain.doFilter(ApplicationFilterChain.java:166)
		at org.apache.tomcat.websocket.server.WsFilter.doFilter(WsFilter.java:53)
		at org.apache.catalina.core.ApplicationFilterChain.internalDoFilter(ApplicationFilterChain.java:193)
		at org.apache.catalina.core.ApplicationFilterChain.doFilter(ApplicationFilterChain.java:166)
		at org.apache.catalina.core.StandardWrapperValve.invoke(StandardWrapperValve.java:200)
		at org.apache.catalina.core.StandardContextValve.invoke(StandardContextValve.java:96)
		at org.apache.catalina.authenticator.AuthenticatorBase.invoke(AuthenticatorBase.java:490)
		at org.apache.catalina.core.StandardHostValve.invoke(StandardHostValve.java:139)
		at org.apache.catalina.valves.ErrorReportValve.invoke(ErrorReportValve.java:92)
		at org.apache.catalina.valves.AbstractAccessLogValve.invoke(AbstractAccessLogValve.java:678)
		at org.apache.catalina.core.StandardEngineValve.invoke(StandardEngineValve.java:74)
		at org.apache.catalina.connector.CoyoteAdapter.service(CoyoteAdapter.java:343)
		at org.apache.coyote.http11.Http11Processor.service(Http11Processor.java:408)
		at org.apache.coyote.AbstractProcessorLight.process(AbstractProcessorLight.java:66)
		at org.apache.coyote.AbstractProtocol$ConnectionHandler.process(AbstractProtocol.java:836)
		at org.apache.tomcat.util.net.NioEndpoint$SocketProcessor.doRun(NioEndpoint.java:1839)
		at org.apache.tomcat.util.net.SocketProcessorBase.run(SocketProcessorBase.java:49)
		at java.base/java.util.concurrent.ThreadPoolExecutor.runWorker(ThreadPoolExecutor.java:1128)
		at java.base/java.util.concurrent.ThreadPoolExecutor$Worker.run(ThreadPoolExecutor.java:628)
		at org.apache.tomcat.util.threads.TaskThread$WrappingRunnable.run(TaskThread.java:61)
		at java.base/java.lang.Thread.run(Thread.java:834)
20-Nov-2019 01:37:33.056 SEVERE [http-nio-8080-exec-15] org.apache.catalina.core.StandardWrapperValve.invoke Servlet.service() for servlet [PazudoraForm] in context with path [/mywork] threw exception [Unable to compile class for JSP: 

An error occurred at line: [18] in the jsp file: [/WEB-INF/views/pazudoraform.jsp]
Syntax error, insert ";" to complete LocalVariableDeclarationStatement
15:         
16:         
17:         <% /*String message = (String)request.getAttribute("message");*/%>
18:         <% String message = "stamina" %>
19:         <h1 style="color: #364e96; padding: 0.5em 0; border-top: solid 3px #364e96; border-bottom: solid 3px #364e96;">
20:         <%= message %></h1>
21:         <a name="topBoard"></a>


Stacktrace:] with root cause
	org.apache.jasper.JasperException: Unable to compile class for JSP: 

An error occurred at line: [18] in the jsp file: [/WEB-INF/views/pazudoraform.jsp]
Syntax error, insert ";" to complete LocalVariableDeclarationStatement
15:         
16:         
17:         <% /*String message = (String)request.getAttribute("message");*/%>
18:         <% String message = "stamina" %>
19:         <h1 style="color: #364e96; padding: 0.5em 0; border-top: solid 3px #364e96; border-bottom: solid 3px #364e96;">
20:         <%= message %></h1>
21:         <a name="topBoard"></a>


Stacktrace:
		at org.apache.jasper.compiler.DefaultErrorHandler.javacError(DefaultErrorHandler.java:103)
		at org.apache.jasper.compiler.ErrorDispatcher.javacError(ErrorDispatcher.java:213)
		at org.apache.jasper.compiler.JDTCompiler.generateClass(JDTCompiler.java:522)
		at org.apache.jasper.compiler.Compiler.compile(Compiler.java:392)
		at org.apache.jasper.compiler.Compiler.compile(Compiler.java:362)
		at org.apache.jasper.compiler.Compiler.compile(Compiler.java:346)
		at org.apache.jasper.JspCompilationContext.compile(JspCompilationContext.java:603)
		at org.apache.jasper.servlet.JspServletWrapper.service(JspServletWrapper.java:399)
		at org.apache.jasper.servlet.JspServlet.serviceJspFile(JspServlet.java:385)
		at org.apache.jasper.servlet.JspServlet.service(JspServlet.java:329)
		at javax.servlet.http.HttpServlet.service(HttpServlet.java:741)
		at org.apache.catalina.core.ApplicationFilterChain.internalDoFilter(ApplicationFilterChain.java:231)
		at org.apache.catalina.core.ApplicationFilterChain.doFilter(ApplicationFilterChain.java:166)
		at org.apache.tomcat.websocket.server.WsFilter.doFilter(WsFilter.java:53)
		at org.apache.catalina.core.ApplicationFilterChain.internalDoFilter(ApplicationFilterChain.java:193)
		at org.apache.catalina.core.ApplicationFilterChain.doFilter(ApplicationFilterChain.java:166)
		at org.apache.catalina.core.ApplicationDispatcher.invoke(ApplicationDispatcher.java:712)
		at org.apache.catalina.core.ApplicationDispatcher.processRequest(ApplicationDispatcher.java:459)
		at org.apache.catalina.core.ApplicationDispatcher.doForward(ApplicationDispatcher.java:384)
		at org.apache.catalina.core.ApplicationDispatcher.forward(ApplicationDispatcher.java:312)
		at PazudoraForm.doGet(PazudoraForm.java:35)
		at javax.servlet.http.HttpServlet.service(HttpServlet.java:634)
		at javax.servlet.http.HttpServlet.service(HttpServlet.java:741)
		at org.apache.catalina.core.ApplicationFilterChain.internalDoFilter(ApplicationFilterChain.java:231)
		at org.apache.catalina.core.ApplicationFilterChain.doFilter(ApplicationFilterChain.java:166)
		at org.apache.tomcat.websocket.server.WsFilter.doFilter(WsFilter.java:53)
		at org.apache.catalina.core.ApplicationFilterChain.internalDoFilter(ApplicationFilterChain.java:193)
		at org.apache.catalina.core.ApplicationFilterChain.doFilter(ApplicationFilterChain.java:166)
		at org.apache.catalina.core.StandardWrapperValve.invoke(StandardWrapperValve.java:200)
		at org.apache.catalina.core.StandardContextValve.invoke(StandardContextValve.java:96)
		at org.apache.catalina.authenticator.AuthenticatorBase.invoke(AuthenticatorBase.java:490)
		at org.apache.catalina.core.StandardHostValve.invoke(StandardHostValve.java:139)
		at org.apache.catalina.valves.ErrorReportValve.invoke(ErrorReportValve.java:92)
		at org.apache.catalina.valves.AbstractAccessLogValve.invoke(AbstractAccessLogValve.java:678)
		at org.apache.catalina.core.StandardEngineValve.invoke(StandardEngineValve.java:74)
		at org.apache.catalina.connector.CoyoteAdapter.service(CoyoteAdapter.java:343)
		at org.apache.coyote.http11.Http11Processor.service(Http11Processor.java:408)
		at org.apache.coyote.AbstractProcessorLight.process(AbstractProcessorLight.java:66)
		at org.apache.coyote.AbstractProtocol$ConnectionHandler.process(AbstractProtocol.java:836)
		at org.apache.tomcat.util.net.NioEndpoint$SocketProcessor.doRun(NioEndpoint.java:1839)
		at org.apache.tomcat.util.net.SocketProcessorBase.run(SocketProcessorBase.java:49)
		at java.base/java.util.concurrent.ThreadPoolExecutor.runWorker(ThreadPoolExecutor.java:1128)
		at java.base/java.util.concurrent.ThreadPoolExecutor$Worker.run(ThreadPoolExecutor.java:628)
		at org.apache.tomcat.util.threads.TaskThread$WrappingRunnable.run(TaskThread.java:61)
		at java.base/java.lang.Thread.run(Thread.java:834)
20-Nov-2019 01:37:48.829 SEVERE [http-nio-8080-exec-18] org.apache.catalina.core.ApplicationDispatcher.invoke Servlet.service() for servlet [jsp] threw exception
	org.apache.jasper.JasperException: Unable to compile class for JSP: 

An error occurred at line: [18] in the jsp file: [/WEB-INF/views/pazudoraform.jsp]
Syntax error, insert ";" to complete LocalVariableDeclarationStatement
15:         
16:         
17:         <% /*String message = (String)request.getAttribute("message");*/%>
18:         <% String message = "stamina" %>
19:         <h1 style="color: #364e96; padding: 0.5em 0; border-top: solid 3px #364e96; border-bottom: solid 3px #364e96;">
20:         <%= message %></h1>
21:         <a name="topBoard"></a>


Stacktrace:
		at org.apache.jasper.compiler.DefaultErrorHandler.javacError(DefaultErrorHandler.java:103)
		at org.apache.jasper.compiler.ErrorDispatcher.javacError(ErrorDispatcher.java:213)
		at org.apache.jasper.compiler.JDTCompiler.generateClass(JDTCompiler.java:522)
		at org.apache.jasper.compiler.Compiler.compile(Compiler.java:392)
		at org.apache.jasper.compiler.Compiler.compile(Compiler.java:362)
		at org.apache.jasper.compiler.Compiler.compile(Compiler.java:346)
		at org.apache.jasper.JspCompilationContext.compile(JspCompilationContext.java:603)
		at org.apache.jasper.servlet.JspServletWrapper.service(JspServletWrapper.java:399)
		at org.apache.jasper.servlet.JspServlet.serviceJspFile(JspServlet.java:385)
		at org.apache.jasper.servlet.JspServlet.service(JspServlet.java:329)
		at javax.servlet.http.HttpServlet.service(HttpServlet.java:741)
		at org.apache.catalina.core.ApplicationFilterChain.internalDoFilter(ApplicationFilterChain.java:231)
		at org.apache.catalina.core.ApplicationFilterChain.doFilter(ApplicationFilterChain.java:166)
		at org.apache.tomcat.websocket.server.WsFilter.doFilter(WsFilter.java:53)
		at org.apache.catalina.core.ApplicationFilterChain.internalDoFilter(ApplicationFilterChain.java:193)
		at org.apache.catalina.core.ApplicationFilterChain.doFilter(ApplicationFilterChain.java:166)
		at org.apache.catalina.core.ApplicationDispatcher.invoke(ApplicationDispatcher.java:712)
		at org.apache.catalina.core.ApplicationDispatcher.processRequest(ApplicationDispatcher.java:459)
		at org.apache.catalina.core.ApplicationDispatcher.doForward(ApplicationDispatcher.java:384)
		at org.apache.catalina.core.ApplicationDispatcher.forward(ApplicationDispatcher.java:312)
		at PazudoraForm.doGet(PazudoraForm.java:35)
		at javax.servlet.http.HttpServlet.service(HttpServlet.java:634)
		at javax.servlet.http.HttpServlet.service(HttpServlet.java:741)
		at org.apache.catalina.core.ApplicationFilterChain.internalDoFilter(ApplicationFilterChain.java:231)
		at org.apache.catalina.core.ApplicationFilterChain.doFilter(ApplicationFilterChain.java:166)
		at org.apache.tomcat.websocket.server.WsFilter.doFilter(WsFilter.java:53)
		at org.apache.catalina.core.ApplicationFilterChain.internalDoFilter(ApplicationFilterChain.java:193)
		at org.apache.catalina.core.ApplicationFilterChain.doFilter(ApplicationFilterChain.java:166)
		at org.apache.catalina.core.StandardWrapperValve.invoke(StandardWrapperValve.java:200)
		at org.apache.catalina.core.StandardContextValve.invoke(StandardContextValve.java:96)
		at org.apache.catalina.authenticator.AuthenticatorBase.invoke(AuthenticatorBase.java:490)
		at org.apache.catalina.core.StandardHostValve.invoke(StandardHostValve.java:139)
		at org.apache.catalina.valves.ErrorReportValve.invoke(ErrorReportValve.java:92)
		at org.apache.catalina.valves.AbstractAccessLogValve.invoke(AbstractAccessLogValve.java:678)
		at org.apache.catalina.core.StandardEngineValve.invoke(StandardEngineValve.java:74)
		at org.apache.catalina.connector.CoyoteAdapter.service(CoyoteAdapter.java:343)
		at org.apache.coyote.http11.Http11Processor.service(Http11Processor.java:408)
		at org.apache.coyote.AbstractProcessorLight.process(AbstractProcessorLight.java:66)
		at org.apache.coyote.AbstractProtocol$ConnectionHandler.process(AbstractProtocol.java:836)
		at org.apache.tomcat.util.net.NioEndpoint$SocketProcessor.doRun(NioEndpoint.java:1839)
		at org.apache.tomcat.util.net.SocketProcessorBase.run(SocketProcessorBase.java:49)
		at java.base/java.util.concurrent.ThreadPoolExecutor.runWorker(ThreadPoolExecutor.java:1128)
		at java.base/java.util.concurrent.ThreadPoolExecutor$Worker.run(ThreadPoolExecutor.java:628)
		at org.apache.tomcat.util.threads.TaskThread$WrappingRunnable.run(TaskThread.java:61)
		at java.base/java.lang.Thread.run(Thread.java:834)
20-Nov-2019 01:37:48.833 SEVERE [http-nio-8080-exec-18] org.apache.catalina.core.StandardWrapperValve.invoke Servlet.service() for servlet [PazudoraForm] in context with path [/mywork] threw exception [Unable to compile class for JSP: 

An error occurred at line: [18] in the jsp file: [/WEB-INF/views/pazudoraform.jsp]
Syntax error, insert ";" to complete LocalVariableDeclarationStatement
15:         
16:         
17:         <% /*String message = (String)request.getAttribute("message");*/%>
18:         <% String message = "stamina" %>
19:         <h1 style="color: #364e96; padding: 0.5em 0; border-top: solid 3px #364e96; border-bottom: solid 3px #364e96;">
20:         <%= message %></h1>
21:         <a name="topBoard"></a>


Stacktrace:] with root cause
	org.apache.jasper.JasperException: Unable to compile class for JSP: 

An error occurred at line: [18] in the jsp file: [/WEB-INF/views/pazudoraform.jsp]
Syntax error, insert ";" to complete LocalVariableDeclarationStatement
15:         
16:         
17:         <% /*String message = (String)request.getAttribute("message");*/%>
18:         <% String message = "stamina" %>
19:         <h1 style="color: #364e96; padding: 0.5em 0; border-top: solid 3px #364e96; border-bottom: solid 3px #364e96;">
20:         <%= message %></h1>
21:         <a name="topBoard"></a>


Stacktrace:
		at org.apache.jasper.compiler.DefaultErrorHandler.javacError(DefaultErrorHandler.java:103)
		at org.apache.jasper.compiler.ErrorDispatcher.javacError(ErrorDispatcher.java:213)
		at org.apache.jasper.compiler.JDTCompiler.generateClass(JDTCompiler.java:522)
		at org.apache.jasper.compiler.Compiler.compile(Compiler.java:392)
		at org.apache.jasper.compiler.Compiler.compile(Compiler.java:362)
		at org.apache.jasper.compiler.Compiler.compile(Compiler.java:346)
		at org.apache.jasper.JspCompilationContext.compile(JspCompilationContext.java:603)
		at org.apache.jasper.servlet.JspServletWrapper.service(JspServletWrapper.java:399)
		at org.apache.jasper.servlet.JspServlet.serviceJspFile(JspServlet.java:385)
		at org.apache.jasper.servlet.JspServlet.service(JspServlet.java:329)
		at javax.servlet.http.HttpServlet.service(HttpServlet.java:741)
		at org.apache.catalina.core.ApplicationFilterChain.internalDoFilter(ApplicationFilterChain.java:231)
		at org.apache.catalina.core.ApplicationFilterChain.doFilter(ApplicationFilterChain.java:166)
		at org.apache.tomcat.websocket.server.WsFilter.doFilter(WsFilter.java:53)
		at org.apache.catalina.core.ApplicationFilterChain.internalDoFilter(ApplicationFilterChain.java:193)
		at org.apache.catalina.core.ApplicationFilterChain.doFilter(ApplicationFilterChain.java:166)
		at org.apache.catalina.core.ApplicationDispatcher.invoke(ApplicationDispatcher.java:712)
		at org.apache.catalina.core.ApplicationDispatcher.processRequest(ApplicationDispatcher.java:459)
		at org.apache.catalina.core.ApplicationDispatcher.doForward(ApplicationDispatcher.java:384)
		at org.apache.catalina.core.ApplicationDispatcher.forward(ApplicationDispatcher.java:312)
		at PazudoraForm.doGet(PazudoraForm.java:35)
		at javax.servlet.http.HttpServlet.service(HttpServlet.java:634)
		at javax.servlet.http.HttpServlet.service(HttpServlet.java:741)
		at org.apache.catalina.core.ApplicationFilterChain.internalDoFilter(ApplicationFilterChain.java:231)
		at org.apache.catalina.core.ApplicationFilterChain.doFilter(ApplicationFilterChain.java:166)
		at org.apache.tomcat.websocket.server.WsFilter.doFilter(WsFilter.java:53)
		at org.apache.catalina.core.ApplicationFilterChain.internalDoFilter(ApplicationFilterChain.java:193)
		at org.apache.catalina.core.ApplicationFilterChain.doFilter(ApplicationFilterChain.java:166)
		at org.apache.catalina.core.StandardWrapperValve.invoke(StandardWrapperValve.java:200)
		at org.apache.catalina.core.StandardContextValve.invoke(StandardContextValve.java:96)
		at org.apache.catalina.authenticator.AuthenticatorBase.invoke(AuthenticatorBase.java:490)
		at org.apache.catalina.core.StandardHostValve.invoke(StandardHostValve.java:139)
		at org.apache.catalina.valves.ErrorReportValve.invoke(ErrorReportValve.java:92)
		at org.apache.catalina.valves.AbstractAccessLogValve.invoke(AbstractAccessLogValve.java:678)
		at org.apache.catalina.core.StandardEngineValve.invoke(StandardEngineValve.java:74)
		at org.apache.catalina.connector.CoyoteAdapter.service(CoyoteAdapter.java:343)
		at org.apache.coyote.http11.Http11Processor.service(Http11Processor.java:408)
		at org.apache.coyote.AbstractProcessorLight.process(AbstractProcessorLight.java:66)
		at org.apache.coyote.AbstractProtocol$ConnectionHandler.process(AbstractProtocol.java:836)
		at org.apache.tomcat.util.net.NioEndpoint$SocketProcessor.doRun(NioEndpoint.java:1839)
		at org.apache.tomcat.util.net.SocketProcessorBase.run(SocketProcessorBase.java:49)
		at java.base/java.util.concurrent.ThreadPoolExecutor.runWorker(ThreadPoolExecutor.java:1128)
		at java.base/java.util.concurrent.ThreadPoolExecutor$Worker.run(ThreadPoolExecutor.java:628)
		at org.apache.tomcat.util.threads.TaskThread$WrappingRunnable.run(TaskThread.java:61)
		at java.base/java.lang.Thread.run(Thread.java:834)
20-Nov-2019 01:40:53.164 SEVERE [http-nio-8080-exec-21] org.apache.catalina.core.ApplicationDispatcher.invoke Servlet.service() for servlet [jsp] threw exception
	org.apache.jasper.JasperException: Unable to compile class for JSP: 

An error occurred at line: [18] in the jsp file: [/WEB-INF/views/pazudoraform.jsp]
Syntax error, insert ";" to complete LocalVariableDeclarationStatement
15:         
16:         
17:         <% /*String message = (String)request.getAttribute("message");*/%>
18:         <% String message = "stamina" %>
19:         <h1 style="color: #364e96; padding: 0.5em 0; border-top: solid 3px #364e96; border-bottom: solid 3px #364e96;">
20:         <%= message %></h1>
21:         <a name="topBoard"></a>


Stacktrace:
		at org.apache.jasper.compiler.DefaultErrorHandler.javacError(DefaultErrorHandler.java:103)
		at org.apache.jasper.compiler.ErrorDispatcher.javacError(ErrorDispatcher.java:213)
		at org.apache.jasper.compiler.JDTCompiler.generateClass(JDTCompiler.java:522)
		at org.apache.jasper.compiler.Compiler.compile(Compiler.java:392)
		at org.apache.jasper.compiler.Compiler.compile(Compiler.java:362)
		at org.apache.jasper.compiler.Compiler.compile(Compiler.java:346)
		at org.apache.jasper.JspCompilationContext.compile(JspCompilationContext.java:603)
		at org.apache.jasper.servlet.JspServletWrapper.service(JspServletWrapper.java:399)
		at org.apache.jasper.servlet.JspServlet.serviceJspFile(JspServlet.java:385)
		at org.apache.jasper.servlet.JspServlet.service(JspServlet.java:329)
		at javax.servlet.http.HttpServlet.service(HttpServlet.java:741)
		at org.apache.catalina.core.ApplicationFilterChain.internalDoFilter(ApplicationFilterChain.java:231)
		at org.apache.catalina.core.ApplicationFilterChain.doFilter(ApplicationFilterChain.java:166)
		at org.apache.tomcat.websocket.server.WsFilter.doFilter(WsFilter.java:53)
		at org.apache.catalina.core.ApplicationFilterChain.internalDoFilter(ApplicationFilterChain.java:193)
		at org.apache.catalina.core.ApplicationFilterChain.doFilter(ApplicationFilterChain.java:166)
		at org.apache.catalina.core.ApplicationDispatcher.invoke(ApplicationDispatcher.java:712)
		at org.apache.catalina.core.ApplicationDispatcher.processRequest(ApplicationDispatcher.java:459)
		at org.apache.catalina.core.ApplicationDispatcher.doForward(ApplicationDispatcher.java:384)
		at org.apache.catalina.core.ApplicationDispatcher.forward(ApplicationDispatcher.java:312)
		at PazudoraForm.doGet(PazudoraForm.java:26)
		at javax.servlet.http.HttpServlet.service(HttpServlet.java:634)
		at javax.servlet.http.HttpServlet.service(HttpServlet.java:741)
		at org.apache.catalina.core.ApplicationFilterChain.internalDoFilter(ApplicationFilterChain.java:231)
		at org.apache.catalina.core.ApplicationFilterChain.doFilter(ApplicationFilterChain.java:166)
		at org.apache.tomcat.websocket.server.WsFilter.doFilter(WsFilter.java:53)
		at org.apache.catalina.core.ApplicationFilterChain.internalDoFilter(ApplicationFilterChain.java:193)
		at org.apache.catalina.core.ApplicationFilterChain.doFilter(ApplicationFilterChain.java:166)
		at org.apache.catalina.core.StandardWrapperValve.invoke(StandardWrapperValve.java:200)
		at org.apache.catalina.core.StandardContextValve.invoke(StandardContextValve.java:96)
		at org.apache.catalina.authenticator.AuthenticatorBase.invoke(AuthenticatorBase.java:490)
		at org.apache.catalina.core.StandardHostValve.invoke(StandardHostValve.java:139)
		at org.apache.catalina.valves.ErrorReportValve.invoke(ErrorReportValve.java:92)
		at org.apache.catalina.valves.AbstractAccessLogValve.invoke(AbstractAccessLogValve.java:678)
		at org.apache.catalina.core.StandardEngineValve.invoke(StandardEngineValve.java:74)
		at org.apache.catalina.connector.CoyoteAdapter.service(CoyoteAdapter.java:343)
		at org.apache.coyote.http11.Http11Processor.service(Http11Processor.java:408)
		at org.apache.coyote.AbstractProcessorLight.process(AbstractProcessorLight.java:66)
		at org.apache.coyote.AbstractProtocol$ConnectionHandler.process(AbstractProtocol.java:836)
		at org.apache.tomcat.util.net.NioEndpoint$SocketProcessor.doRun(NioEndpoint.java:1839)
		at org.apache.tomcat.util.net.SocketProcessorBase.run(SocketProcessorBase.java:49)
		at java.base/java.util.concurrent.ThreadPoolExecutor.runWorker(ThreadPoolExecutor.java:1128)
		at java.base/java.util.concurrent.ThreadPoolExecutor$Worker.run(ThreadPoolExecutor.java:628)
		at org.apache.tomcat.util.threads.TaskThread$WrappingRunnable.run(TaskThread.java:61)
		at java.base/java.lang.Thread.run(Thread.java:834)
20-Nov-2019 01:40:53.165 SEVERE [http-nio-8080-exec-21] org.apache.catalina.core.StandardWrapperValve.invoke Servlet.service() for servlet [PazudoraForm] in context with path [/mywork] threw exception [Unable to compile class for JSP: 

An error occurred at line: [18] in the jsp file: [/WEB-INF/views/pazudoraform.jsp]
Syntax error, insert ";" to complete LocalVariableDeclarationStatement
15:         
16:         
17:         <% /*String message = (String)request.getAttribute("message");*/%>
18:         <% String message = "stamina" %>
19:         <h1 style="color: #364e96; padding: 0.5em 0; border-top: solid 3px #364e96; border-bottom: solid 3px #364e96;">
20:         <%= message %></h1>
21:         <a name="topBoard"></a>


Stacktrace:] with root cause
	org.apache.jasper.JasperException: Unable to compile class for JSP: 

An error occurred at line: [18] in the jsp file: [/WEB-INF/views/pazudoraform.jsp]
Syntax error, insert ";" to complete LocalVariableDeclarationStatement
15:         
16:         
17:         <% /*String message = (String)request.getAttribute("message");*/%>
18:         <% String message = "stamina" %>
19:         <h1 style="color: #364e96; padding: 0.5em 0; border-top: solid 3px #364e96; border-bottom: solid 3px #364e96;">
20:         <%= message %></h1>
21:         <a name="topBoard"></a>


Stacktrace:
		at org.apache.jasper.compiler.DefaultErrorHandler.javacError(DefaultErrorHandler.java:103)
		at org.apache.jasper.compiler.ErrorDispatcher.javacError(ErrorDispatcher.java:213)
		at org.apache.jasper.compiler.JDTCompiler.generateClass(JDTCompiler.java:522)
		at org.apache.jasper.compiler.Compiler.compile(Compiler.java:392)
		at org.apache.jasper.compiler.Compiler.compile(Compiler.java:362)
		at org.apache.jasper.compiler.Compiler.compile(Compiler.java:346)
		at org.apache.jasper.JspCompilationContext.compile(JspCompilationContext.java:603)
		at org.apache.jasper.servlet.JspServletWrapper.service(JspServletWrapper.java:399)
		at org.apache.jasper.servlet.JspServlet.serviceJspFile(JspServlet.java:385)
		at org.apache.jasper.servlet.JspServlet.service(JspServlet.java:329)
		at javax.servlet.http.HttpServlet.service(HttpServlet.java:741)
		at org.apache.catalina.core.ApplicationFilterChain.internalDoFilter(ApplicationFilterChain.java:231)
		at org.apache.catalina.core.ApplicationFilterChain.doFilter(ApplicationFilterChain.java:166)
		at org.apache.tomcat.websocket.server.WsFilter.doFilter(WsFilter.java:53)
		at org.apache.catalina.core.ApplicationFilterChain.internalDoFilter(ApplicationFilterChain.java:193)
		at org.apache.catalina.core.ApplicationFilterChain.doFilter(ApplicationFilterChain.java:166)
		at org.apache.catalina.core.ApplicationDispatcher.invoke(ApplicationDispatcher.java:712)
		at org.apache.catalina.core.ApplicationDispatcher.processRequest(ApplicationDispatcher.java:459)
		at org.apache.catalina.core.ApplicationDispatcher.doForward(ApplicationDispatcher.java:384)
		at org.apache.catalina.core.ApplicationDispatcher.forward(ApplicationDispatcher.java:312)
		at PazudoraForm.doGet(PazudoraForm.java:26)
		at javax.servlet.http.HttpServlet.service(HttpServlet.java:634)
		at javax.servlet.http.HttpServlet.service(HttpServlet.java:741)
		at org.apache.catalina.core.ApplicationFilterChain.internalDoFilter(ApplicationFilterChain.java:231)
		at org.apache.catalina.core.ApplicationFilterChain.doFilter(ApplicationFilterChain.java:166)
		at org.apache.tomcat.websocket.server.WsFilter.doFilter(WsFilter.java:53)
		at org.apache.catalina.core.ApplicationFilterChain.internalDoFilter(ApplicationFilterChain.java:193)
		at org.apache.catalina.core.ApplicationFilterChain.doFilter(ApplicationFilterChain.java:166)
		at org.apache.catalina.core.StandardWrapperValve.invoke(StandardWrapperValve.java:200)
		at org.apache.catalina.core.StandardContextValve.invoke(StandardContextValve.java:96)
		at org.apache.catalina.authenticator.AuthenticatorBase.invoke(AuthenticatorBase.java:490)
		at org.apache.catalina.core.StandardHostValve.invoke(StandardHostValve.java:139)
		at org.apache.catalina.valves.ErrorReportValve.invoke(ErrorReportValve.java:92)
		at org.apache.catalina.valves.AbstractAccessLogValve.invoke(AbstractAccessLogValve.java:678)
		at org.apache.catalina.core.StandardEngineValve.invoke(StandardEngineValve.java:74)
		at org.apache.catalina.connector.CoyoteAdapter.service(CoyoteAdapter.java:343)
		at org.apache.coyote.http11.Http11Processor.service(Http11Processor.java:408)
		at org.apache.coyote.AbstractProcessorLight.process(AbstractProcessorLight.java:66)
		at org.apache.coyote.AbstractProtocol$ConnectionHandler.process(AbstractProtocol.java:836)
		at org.apache.tomcat.util.net.NioEndpoint$SocketProcessor.doRun(NioEndpoint.java:1839)
		at org.apache.tomcat.util.net.SocketProcessorBase.run(SocketProcessorBase.java:49)
		at java.base/java.util.concurrent.ThreadPoolExecutor.runWorker(ThreadPoolExecutor.java:1128)
		at java.base/java.util.concurrent.ThreadPoolExecutor$Worker.run(ThreadPoolExecutor.java:628)
		at org.apache.tomcat.util.threads.TaskThread$WrappingRunnable.run(TaskThread.java:61)
		at java.base/java.lang.Thread.run(Thread.java:834)
20-Nov-2019 01:53:01.662 SEVERE [http-nio-8080-exec-36] org.apache.catalina.core.ApplicationDispatcher.invoke Servlet.service() for servlet [jsp] threw exception
	org.apache.jasper.JasperException: Unable to compile class for JSP: 

An error occurred at line: [16] in the jsp file: [/WEB-INF/views/pazudoraresult.jsp]
SimpleDateFormat cannot be resolved to a type
13:         border-left: solid 5px #ffaf58;/*左線（実線 太さ 色）*/">
14:         <a href="top">総合トップに戻る</a><br>
15: 
16:         <% SimpleDateFormat sdf = new SimpleDateFormat("yyyy/MM/dd HH:mm:ss"); %>
17:         <% Date date = new Date(); %>
18:         <% Calendar calendar = Calendar.getInstance(); %>
19:         <% calendar.setTime(date); %>


An error occurred at line: [16] in the jsp file: [/WEB-INF/views/pazudoraresult.jsp]
SimpleDateFormat cannot be resolved to a type
13:         border-left: solid 5px #ffaf58;/*左線（実線 太さ 色）*/">
14:         <a href="top">総合トップに戻る</a><br>
15: 
16:         <% SimpleDateFormat sdf = new SimpleDateFormat("yyyy/MM/dd HH:mm:ss"); %>
17:         <% Date date = new Date(); %>
18:         <% Calendar calendar = Calendar.getInstance(); %>
19:         <% calendar.setTime(date); %>


An error occurred at line: [17] in the jsp file: [/WEB-INF/views/pazudoraresult.jsp]
Date cannot be resolved to a type
14:         <a href="top">総合トップに戻る</a><br>
15: 
16:         <% SimpleDateFormat sdf = new SimpleDateFormat("yyyy/MM/dd HH:mm:ss"); %>
17:         <% Date date = new Date(); %>
18:         <% Calendar calendar = Calendar.getInstance(); %>
19:         <% calendar.setTime(date); %>
20:         <% calendar.add(calendar.HOUR_OF_DAY, 9); %>


An error occurred at line: [17] in the jsp file: [/WEB-INF/views/pazudoraresult.jsp]
Date cannot be resolved to a type
14:         <a href="top">総合トップに戻る</a><br>
15: 
16:         <% SimpleDateFormat sdf = new SimpleDateFormat("yyyy/MM/dd HH:mm:ss"); %>
17:         <% Date date = new Date(); %>
18:         <% Calendar calendar = Calendar.getInstance(); %>
19:         <% calendar.setTime(date); %>
20:         <% calendar.add(calendar.HOUR_OF_DAY, 9); %>


An error occurred at line: [18] in the jsp file: [/WEB-INF/views/pazudoraresult.jsp]
Calendar cannot be resolved to a type
15: 
16:         <% SimpleDateFormat sdf = new SimpleDateFormat("yyyy/MM/dd HH:mm:ss"); %>
17:         <% Date date = new Date(); %>
18:         <% Calendar calendar = Calendar.getInstance(); %>
19:         <% calendar.setTime(date); %>
20:         <% calendar.add(calendar.HOUR_OF_DAY, 9); %>
21:         <% Date d1 = calendar.getTime(); %>


An error occurred at line: [18] in the jsp file: [/WEB-INF/views/pazudoraresult.jsp]
Calendar cannot be resolved
15: 
16:         <% SimpleDateFormat sdf = new SimpleDateFormat("yyyy/MM/dd HH:mm:ss"); %>
17:         <% Date date = new Date(); %>
18:         <% Calendar calendar = Calendar.getInstance(); %>
19:         <% calendar.setTime(date); %>
20:         <% calendar.add(calendar.HOUR_OF_DAY, 9); %>
21:         <% Date d1 = calendar.getTime(); %>


An error occurred at line: [21] in the jsp file: [/WEB-INF/views/pazudoraresult.jsp]
Date cannot be resolved to a type
18:         <% Calendar calendar = Calendar.getInstance(); %>
19:         <% calendar.setTime(date); %>
20:         <% calendar.add(calendar.HOUR_OF_DAY, 9); %>
21:         <% Date d1 = calendar.getTime(); %>
22:         
23:         
24:         


An error occurred at line: [36] in the jsp file: [/WEB-INF/views/pazudoraresult.jsp]
Date cannot be resolved to a type
33:         %>
34:         
35:         <% calendar.add(calendar.MINUTE, time); %>
36:         <% Date d2 = calendar.getTime(); %>
37:         
38:         <h1>スタミナ計算結果</h1>
39:         


Stacktrace:
		at org.apache.jasper.compiler.DefaultErrorHandler.javacError(DefaultErrorHandler.java:103)
		at org.apache.jasper.compiler.ErrorDispatcher.javacError(ErrorDispatcher.java:213)
		at org.apache.jasper.compiler.JDTCompiler.generateClass(JDTCompiler.java:522)
		at org.apache.jasper.compiler.Compiler.compile(Compiler.java:392)
		at org.apache.jasper.compiler.Compiler.compile(Compiler.java:362)
		at org.apache.jasper.compiler.Compiler.compile(Compiler.java:346)
		at org.apache.jasper.JspCompilationContext.compile(JspCompilationContext.java:603)
		at org.apache.jasper.servlet.JspServletWrapper.service(JspServletWrapper.java:399)
		at org.apache.jasper.servlet.JspServlet.serviceJspFile(JspServlet.java:385)
		at org.apache.jasper.servlet.JspServlet.service(JspServlet.java:329)
		at javax.servlet.http.HttpServlet.service(HttpServlet.java:741)
		at org.apache.catalina.core.ApplicationFilterChain.internalDoFilter(ApplicationFilterChain.java:231)
		at org.apache.catalina.core.ApplicationFilterChain.doFilter(ApplicationFilterChain.java:166)
		at org.apache.tomcat.websocket.server.WsFilter.doFilter(WsFilter.java:53)
		at org.apache.catalina.core.ApplicationFilterChain.internalDoFilter(ApplicationFilterChain.java:193)
		at org.apache.catalina.core.ApplicationFilterChain.doFilter(ApplicationFilterChain.java:166)
		at org.apache.catalina.core.ApplicationDispatcher.invoke(ApplicationDispatcher.java:712)
		at org.apache.catalina.core.ApplicationDispatcher.processRequest(ApplicationDispatcher.java:459)
		at org.apache.catalina.core.ApplicationDispatcher.doForward(ApplicationDispatcher.java:384)
		at org.apache.catalina.core.ApplicationDispatcher.forward(ApplicationDispatcher.java:312)
		at PazudoraResult.doPost(PazudoraResult.java:20)
		at javax.servlet.http.HttpServlet.service(HttpServlet.java:660)
		at javax.servlet.http.HttpServlet.service(HttpServlet.java:741)
		at org.apache.catalina.core.ApplicationFilterChain.internalDoFilter(ApplicationFilterChain.java:231)
		at org.apache.catalina.core.ApplicationFilterChain.doFilter(ApplicationFilterChain.java:166)
		at org.apache.tomcat.websocket.server.WsFilter.doFilter(WsFilter.java:53)
		at org.apache.catalina.core.ApplicationFilterChain.internalDoFilter(ApplicationFilterChain.java:193)
		at org.apache.catalina.core.ApplicationFilterChain.doFilter(ApplicationFilterChain.java:166)
		at org.apache.catalina.core.StandardWrapperValve.invoke(StandardWrapperValve.java:200)
		at org.apache.catalina.core.StandardContextValve.invoke(StandardContextValve.java:96)
		at org.apache.catalina.authenticator.AuthenticatorBase.invoke(AuthenticatorBase.java:490)
		at org.apache.catalina.core.StandardHostValve.invoke(StandardHostValve.java:139)
		at org.apache.catalina.valves.ErrorReportValve.invoke(ErrorReportValve.java:92)
		at org.apache.catalina.valves.AbstractAccessLogValve.invoke(AbstractAccessLogValve.java:678)
		at org.apache.catalina.core.StandardEngineValve.invoke(StandardEngineValve.java:74)
		at org.apache.catalina.connector.CoyoteAdapter.service(CoyoteAdapter.java:343)
		at org.apache.coyote.http11.Http11Processor.service(Http11Processor.java:408)
		at org.apache.coyote.AbstractProcessorLight.process(AbstractProcessorLight.java:66)
		at org.apache.coyote.AbstractProtocol$ConnectionHandler.process(AbstractProtocol.java:836)
		at org.apache.tomcat.util.net.NioEndpoint$SocketProcessor.doRun(NioEndpoint.java:1839)
		at org.apache.tomcat.util.net.SocketProcessorBase.run(SocketProcessorBase.java:49)
		at java.base/java.util.concurrent.ThreadPoolExecutor.runWorker(ThreadPoolExecutor.java:1128)
		at java.base/java.util.concurrent.ThreadPoolExecutor$Worker.run(ThreadPoolExecutor.java:628)
		at org.apache.tomcat.util.threads.TaskThread$WrappingRunnable.run(TaskThread.java:61)
		at java.base/java.lang.Thread.run(Thread.java:834)
20-Nov-2019 01:53:01.664 SEVERE [http-nio-8080-exec-36] org.apache.catalina.core.StandardWrapperValve.invoke Servlet.service() for servlet [PazudoraResult] in context with path [/mywork] threw exception [Unable to compile class for JSP: 

An error occurred at line: [16] in the jsp file: [/WEB-INF/views/pazudoraresult.jsp]
SimpleDateFormat cannot be resolved to a type
13:         border-left: solid 5px #ffaf58;/*左線（実線 太さ 色）*/">
14:         <a href="top">総合トップに戻る</a><br>
15: 
16:         <% SimpleDateFormat sdf = new SimpleDateFormat("yyyy/MM/dd HH:mm:ss"); %>
17:         <% Date date = new Date(); %>
18:         <% Calendar calendar = Calendar.getInstance(); %>
19:         <% calendar.setTime(date); %>


An error occurred at line: [16] in the jsp file: [/WEB-INF/views/pazudoraresult.jsp]
SimpleDateFormat cannot be resolved to a type
13:         border-left: solid 5px #ffaf58;/*左線（実線 太さ 色）*/">
14:         <a href="top">総合トップに戻る</a><br>
15: 
16:         <% SimpleDateFormat sdf = new SimpleDateFormat("yyyy/MM/dd HH:mm:ss"); %>
17:         <% Date date = new Date(); %>
18:         <% Calendar calendar = Calendar.getInstance(); %>
19:         <% calendar.setTime(date); %>


An error occurred at line: [17] in the jsp file: [/WEB-INF/views/pazudoraresult.jsp]
Date cannot be resolved to a type
14:         <a href="top">総合トップに戻る</a><br>
15: 
16:         <% SimpleDateFormat sdf = new SimpleDateFormat("yyyy/MM/dd HH:mm:ss"); %>
17:         <% Date date = new Date(); %>
18:         <% Calendar calendar = Calendar.getInstance(); %>
19:         <% calendar.setTime(date); %>
20:         <% calendar.add(calendar.HOUR_OF_DAY, 9); %>


An error occurred at line: [17] in the jsp file: [/WEB-INF/views/pazudoraresult.jsp]
Date cannot be resolved to a type
14:         <a href="top">総合トップに戻る</a><br>
15: 
16:         <% SimpleDateFormat sdf = new SimpleDateFormat("yyyy/MM/dd HH:mm:ss"); %>
17:         <% Date date = new Date(); %>
18:         <% Calendar calendar = Calendar.getInstance(); %>
19:         <% calendar.setTime(date); %>
20:         <% calendar.add(calendar.HOUR_OF_DAY, 9); %>


An error occurred at line: [18] in the jsp file: [/WEB-INF/views/pazudoraresult.jsp]
Calendar cannot be resolved to a type
15: 
16:         <% SimpleDateFormat sdf = new SimpleDateFormat("yyyy/MM/dd HH:mm:ss"); %>
17:         <% Date date = new Date(); %>
18:         <% Calendar calendar = Calendar.getInstance(); %>
19:         <% calendar.setTime(date); %>
20:         <% calendar.add(calendar.HOUR_OF_DAY, 9); %>
21:         <% Date d1 = calendar.getTime(); %>


An error occurred at line: [18] in the jsp file: [/WEB-INF/views/pazudoraresult.jsp]
Calendar cannot be resolved
15: 
16:         <% SimpleDateFormat sdf = new SimpleDateFormat("yyyy/MM/dd HH:mm:ss"); %>
17:         <% Date date = new Date(); %>
18:         <% Calendar calendar = Calendar.getInstance(); %>
19:         <% calendar.setTime(date); %>
20:         <% calendar.add(calendar.HOUR_OF_DAY, 9); %>
21:         <% Date d1 = calendar.getTime(); %>


An error occurred at line: [21] in the jsp file: [/WEB-INF/views/pazudoraresult.jsp]
Date cannot be resolved to a type
18:         <% Calendar calendar = Calendar.getInstance(); %>
19:         <% calendar.setTime(date); %>
20:         <% calendar.add(calendar.HOUR_OF_DAY, 9); %>
21:         <% Date d1 = calendar.getTime(); %>
22:         
23:         
24:         


An error occurred at line: [36] in the jsp file: [/WEB-INF/views/pazudoraresult.jsp]
Date cannot be resolved to a type
33:         %>
34:         
35:         <% calendar.add(calendar.MINUTE, time); %>
36:         <% Date d2 = calendar.getTime(); %>
37:         
38:         <h1>スタミナ計算結果</h1>
39:         


Stacktrace:] with root cause
	org.apache.jasper.JasperException: Unable to compile class for JSP: 

An error occurred at line: [16] in the jsp file: [/WEB-INF/views/pazudoraresult.jsp]
SimpleDateFormat cannot be resolved to a type
13:         border-left: solid 5px #ffaf58;/*左線（実線 太さ 色）*/">
14:         <a href="top">総合トップに戻る</a><br>
15: 
16:         <% SimpleDateFormat sdf = new SimpleDateFormat("yyyy/MM/dd HH:mm:ss"); %>
17:         <% Date date = new Date(); %>
18:         <% Calendar calendar = Calendar.getInstance(); %>
19:         <% calendar.setTime(date); %>


An error occurred at line: [16] in the jsp file: [/WEB-INF/views/pazudoraresult.jsp]
SimpleDateFormat cannot be resolved to a type
13:         border-left: solid 5px #ffaf58;/*左線（実線 太さ 色）*/">
14:         <a href="top">総合トップに戻る</a><br>
15: 
16:         <% SimpleDateFormat sdf = new SimpleDateFormat("yyyy/MM/dd HH:mm:ss"); %>
17:         <% Date date = new Date(); %>
18:         <% Calendar calendar = Calendar.getInstance(); %>
19:         <% calendar.setTime(date); %>


An error occurred at line: [17] in the jsp file: [/WEB-INF/views/pazudoraresult.jsp]
Date cannot be resolved to a type
14:         <a href="top">総合トップに戻る</a><br>
15: 
16:         <% SimpleDateFormat sdf = new SimpleDateFormat("yyyy/MM/dd HH:mm:ss"); %>
17:         <% Date date = new Date(); %>
18:         <% Calendar calendar = Calendar.getInstance(); %>
19:         <% calendar.setTime(date); %>
20:         <% calendar.add(calendar.HOUR_OF_DAY, 9); %>


An error occurred at line: [17] in the jsp file: [/WEB-INF/views/pazudoraresult.jsp]
Date cannot be resolved to a type
14:         <a href="top">総合トップに戻る</a><br>
15: 
16:         <% SimpleDateFormat sdf = new SimpleDateFormat("yyyy/MM/dd HH:mm:ss"); %>
17:         <% Date date = new Date(); %>
18:         <% Calendar calendar = Calendar.getInstance(); %>
19:         <% calendar.setTime(date); %>
20:         <% calendar.add(calendar.HOUR_OF_DAY, 9); %>


An error occurred at line: [18] in the jsp file: [/WEB-INF/views/pazudoraresult.jsp]
Calendar cannot be resolved to a type
15: 
16:         <% SimpleDateFormat sdf = new SimpleDateFormat("yyyy/MM/dd HH:mm:ss"); %>
17:         <% Date date = new Date(); %>
18:         <% Calendar calendar = Calendar.getInstance(); %>
19:         <% calendar.setTime(date); %>
20:         <% calendar.add(calendar.HOUR_OF_DAY, 9); %>
21:         <% Date d1 = calendar.getTime(); %>


An error occurred at line: [18] in the jsp file: [/WEB-INF/views/pazudoraresult.jsp]
Calendar cannot be resolved
15: 
16:         <% SimpleDateFormat sdf = new SimpleDateFormat("yyyy/MM/dd HH:mm:ss"); %>
17:         <% Date date = new Date(); %>
18:         <% Calendar calendar = Calendar.getInstance(); %>
19:         <% calendar.setTime(date); %>
20:         <% calendar.add(calendar.HOUR_OF_DAY, 9); %>
21:         <% Date d1 = calendar.getTime(); %>


An error occurred at line: [21] in the jsp file: [/WEB-INF/views/pazudoraresult.jsp]
Date cannot be resolved to a type
18:         <% Calendar calendar = Calendar.getInstance(); %>
19:         <% calendar.setTime(date); %>
20:         <% calendar.add(calendar.HOUR_OF_DAY, 9); %>
21:         <% Date d1 = calendar.getTime(); %>
22:         
23:         
24:         


An error occurred at line: [36] in the jsp file: [/WEB-INF/views/pazudoraresult.jsp]
Date cannot be resolved to a type
33:         %>
34:         
35:         <% calendar.add(calendar.MINUTE, time); %>
36:         <% Date d2 = calendar.getTime(); %>
37:         
38:         <h1>スタミナ計算結果</h1>
39:         


Stacktrace:
		at org.apache.jasper.compiler.DefaultErrorHandler.javacError(DefaultErrorHandler.java:103)
		at org.apache.jasper.compiler.ErrorDispatcher.javacError(ErrorDispatcher.java:213)
		at org.apache.jasper.compiler.JDTCompiler.generateClass(JDTCompiler.java:522)
		at org.apache.jasper.compiler.Compiler.compile(Compiler.java:392)
		at org.apache.jasper.compiler.Compiler.compile(Compiler.java:362)
		at org.apache.jasper.compiler.Compiler.compile(Compiler.java:346)
		at org.apache.jasper.JspCompilationContext.compile(JspCompilationContext.java:603)
		at org.apache.jasper.servlet.JspServletWrapper.service(JspServletWrapper.java:399)
		at org.apache.jasper.servlet.JspServlet.serviceJspFile(JspServlet.java:385)
		at org.apache.jasper.servlet.JspServlet.service(JspServlet.java:329)
		at javax.servlet.http.HttpServlet.service(HttpServlet.java:741)
		at org.apache.catalina.core.ApplicationFilterChain.internalDoFilter(ApplicationFilterChain.java:231)
		at org.apache.catalina.core.ApplicationFilterChain.doFilter(ApplicationFilterChain.java:166)
		at org.apache.tomcat.websocket.server.WsFilter.doFilter(WsFilter.java:53)
		at org.apache.catalina.core.ApplicationFilterChain.internalDoFilter(ApplicationFilterChain.java:193)
		at org.apache.catalina.core.ApplicationFilterChain.doFilter(ApplicationFilterChain.java:166)
		at org.apache.catalina.core.ApplicationDispatcher.invoke(ApplicationDispatcher.java:712)
		at org.apache.catalina.core.ApplicationDispatcher.processRequest(ApplicationDispatcher.java:459)
		at org.apache.catalina.core.ApplicationDispatcher.doForward(ApplicationDispatcher.java:384)
		at org.apache.catalina.core.ApplicationDispatcher.forward(ApplicationDispatcher.java:312)
		at PazudoraResult.doPost(PazudoraResult.java:20)
		at javax.servlet.http.HttpServlet.service(HttpServlet.java:660)
		at javax.servlet.http.HttpServlet.service(HttpServlet.java:741)
		at org.apache.catalina.core.ApplicationFilterChain.internalDoFilter(ApplicationFilterChain.java:231)
		at org.apache.catalina.core.ApplicationFilterChain.doFilter(ApplicationFilterChain.java:166)
		at org.apache.tomcat.websocket.server.WsFilter.doFilter(WsFilter.java:53)
		at org.apache.catalina.core.ApplicationFilterChain.internalDoFilter(ApplicationFilterChain.java:193)
		at org.apache.catalina.core.ApplicationFilterChain.doFilter(ApplicationFilterChain.java:166)
		at org.apache.catalina.core.StandardWrapperValve.invoke(StandardWrapperValve.java:200)
		at org.apache.catalina.core.StandardContextValve.invoke(StandardContextValve.java:96)
		at org.apache.catalina.authenticator.AuthenticatorBase.invoke(AuthenticatorBase.java:490)
		at org.apache.catalina.core.StandardHostValve.invoke(StandardHostValve.java:139)
		at org.apache.catalina.valves.ErrorReportValve.invoke(ErrorReportValve.java:92)
		at org.apache.catalina.valves.AbstractAccessLogValve.invoke(AbstractAccessLogValve.java:678)
		at org.apache.catalina.core.StandardEngineValve.invoke(StandardEngineValve.java:74)
		at org.apache.catalina.connector.CoyoteAdapter.service(CoyoteAdapter.java:343)
		at org.apache.coyote.http11.Http11Processor.service(Http11Processor.java:408)
		at org.apache.coyote.AbstractProcessorLight.process(AbstractProcessorLight.java:66)
		at org.apache.coyote.AbstractProtocol$ConnectionHandler.process(AbstractProtocol.java:836)
		at org.apache.tomcat.util.net.NioEndpoint$SocketProcessor.doRun(NioEndpoint.java:1839)
		at org.apache.tomcat.util.net.SocketProcessorBase.run(SocketProcessorBase.java:49)
		at java.base/java.util.concurrent.ThreadPoolExecutor.runWorker(ThreadPoolExecutor.java:1128)
		at java.base/java.util.concurrent.ThreadPoolExecutor$Worker.run(ThreadPoolExecutor.java:628)
		at org.apache.tomcat.util.threads.TaskThread$WrappingRunnable.run(TaskThread.java:61)
		at java.base/java.lang.Thread.run(Thread.java:834)
