25-Nov-2019 07:31:14.770 INFO [main] org.apache.catalina.core.ApplicationContext.log ContextListener: contextInitialized()
25-Nov-2019 07:31:14.770 INFO [main] org.apache.catalina.core.ApplicationContext.log SessionListener: contextInitialized()
25-Nov-2019 07:31:14.772 INFO [main] org.apache.catalina.core.ApplicationContext.log ContextListener: attributeAdded('StockTicker', 'async.Stockticker@66ec9390')
25-Nov-2019 07:31:14.810 INFO [main] org.apache.catalina.core.ApplicationContext.log SessionListener: contextDestroyed()
25-Nov-2019 07:31:14.810 INFO [main] org.apache.catalina.core.ApplicationContext.log ContextListener: contextDestroyed()
25-Nov-2019 07:31:51.895 INFO [main] org.apache.catalina.core.ApplicationContext.log ContextListener: contextInitialized()
25-Nov-2019 07:31:51.896 INFO [main] org.apache.catalina.core.ApplicationContext.log SessionListener: contextInitialized()
25-Nov-2019 07:31:51.897 INFO [main] org.apache.catalina.core.ApplicationContext.log ContextListener: attributeAdded('StockTicker', 'async.Stockticker@746b18fd')
25-Nov-2019 07:31:51.925 INFO [main] org.apache.catalina.core.ApplicationContext.log SessionListener: contextDestroyed()
25-Nov-2019 07:31:51.925 INFO [main] org.apache.catalina.core.ApplicationContext.log ContextListener: contextDestroyed()
25-Nov-2019 07:32:08.936 INFO [main] org.apache.catalina.core.ApplicationContext.log ContextListener: contextInitialized()
25-Nov-2019 07:32:08.936 INFO [main] org.apache.catalina.core.ApplicationContext.log SessionListener: contextInitialized()
25-Nov-2019 07:32:08.938 INFO [main] org.apache.catalina.core.ApplicationContext.log ContextListener: attributeAdded('StockTicker', 'async.Stockticker@2b4786dd')
25-Nov-2019 07:32:08.964 INFO [main] org.apache.catalina.core.ApplicationContext.log SessionListener: contextDestroyed()
25-Nov-2019 07:32:08.964 INFO [main] org.apache.catalina.core.ApplicationContext.log ContextListener: contextDestroyed()
25-Nov-2019 07:33:57.163 INFO [main] org.apache.catalina.core.ApplicationContext.log ContextListener: contextInitialized()
25-Nov-2019 07:33:57.164 INFO [main] org.apache.catalina.core.ApplicationContext.log SessionListener: contextInitialized()
25-Nov-2019 07:33:57.165 INFO [main] org.apache.catalina.core.ApplicationContext.log ContextListener: attributeAdded('StockTicker', 'async.Stockticker@2715644a')
25-Nov-2019 07:33:57.218 INFO [main] org.apache.catalina.core.ApplicationContext.log SessionListener: contextDestroyed()
25-Nov-2019 07:33:57.218 INFO [main] org.apache.catalina.core.ApplicationContext.log ContextListener: contextDestroyed()
25-Nov-2019 07:34:54.345 INFO [main] org.apache.catalina.core.ApplicationContext.log ContextListener: contextInitialized()
25-Nov-2019 07:34:54.345 INFO [main] org.apache.catalina.core.ApplicationContext.log SessionListener: contextInitialized()
25-Nov-2019 07:34:54.346 INFO [main] org.apache.catalina.core.ApplicationContext.log ContextListener: attributeAdded('StockTicker', 'async.Stockticker@6136998b')
25-Nov-2019 07:34:54.381 INFO [main] org.apache.catalina.core.ApplicationContext.log SessionListener: contextDestroyed()
25-Nov-2019 07:34:54.381 INFO [main] org.apache.catalina.core.ApplicationContext.log ContextListener: contextDestroyed()
25-Nov-2019 07:38:13.393 INFO [main] org.apache.catalina.core.ApplicationContext.log ContextListener: contextInitialized()
25-Nov-2019 07:38:13.393 INFO [main] org.apache.catalina.core.ApplicationContext.log SessionListener: contextInitialized()
25-Nov-2019 07:38:13.395 INFO [main] org.apache.catalina.core.ApplicationContext.log ContextListener: attributeAdded('StockTicker', 'async.Stockticker@518cf84a')
25-Nov-2019 07:38:13.422 INFO [main] org.apache.catalina.core.ApplicationContext.log SessionListener: contextDestroyed()
25-Nov-2019 07:38:13.422 INFO [main] org.apache.catalina.core.ApplicationContext.log ContextListener: contextDestroyed()
